2022-11-24T03:31:20+00:00 CRITICAL Uncaught Error: Call to undefined function have_post() in C:\xampp\htdocs\wordpress\wp-content\themes\unisexfashion\blog.php:23
Stack trace:
#0 C:\xampp\htdocs\wordpress\wp-includes\template-loader.php(106): include()
#1 C:\xampp\htdocs\wordpress\wp-blog-header.php(19): require_once('C:\\xampp\\htdocs...')
#2 C:\xampp\htdocs\wordpress\index.php(17): require('C:\\xampp\\htdocs...')
#3 {main}
  thrown in C:\xampp\htdocs\wordpress\wp-content\themes\unisexfashion\blog.php on line 23

2022-11-24T03:39:03+00:00 CRITICAL syntax error, unexpected end of file, expecting elseif (T_ELSEIF) or else (T_ELSE) or endif (T_ENDIF) in C:\xampp\htdocs\wordpress\wp-content\themes\unisexfashion\blog.php on line 68

2022-11-24T03:39:03+00:00 CRITICAL syntax error, unexpected end of file, expecting elseif (T_ELSEIF) or else (T_ELSE) or endif (T_ENDIF) in C:\xampp\htdocs\wordpress\wp-content\themes\unisexfashion\blog.php on line 68

2022-11-24T03:39:43+00:00 CRITICAL syntax error, unexpected end of file, expecting elseif (T_ELSEIF) or else (T_ELSE) or endif (T_ENDIF) in C:\xampp\htdocs\wordpress\wp-content\themes\unisexfashion\blog.php on line 69

2022-11-24T03:39:44+00:00 CRITICAL syntax error, unexpected end of file, expecting elseif (T_ELSEIF) or else (T_ELSE) or endif (T_ENDIF) in C:\xampp\htdocs\wordpress\wp-content\themes\unisexfashion\blog.php on line 69

2022-11-24T03:39:48+00:00 CRITICAL syntax error, unexpected end of file, expecting elseif (T_ELSEIF) or else (T_ELSE) or endif (T_ENDIF) in C:\xampp\htdocs\wordpress\wp-content\themes\unisexfashion\blog.php on line 69

2022-11-24T03:41:15+00:00 CRITICAL syntax error, unexpected end of file, expecting elseif (T_ELSEIF) or else (T_ELSE) or endif (T_ENDIF) in C:\xampp\htdocs\wordpress\wp-content\themes\unisexfashion\blog.php on line 69

2022-11-24T03:41:15+00:00 CRITICAL syntax error, unexpected end of file, expecting elseif (T_ELSEIF) or else (T_ELSE) or endif (T_ENDIF) in C:\xampp\htdocs\wordpress\wp-content\themes\unisexfashion\blog.php on line 69

2022-11-24T03:41:16+00:00 CRITICAL syntax error, unexpected end of file, expecting elseif (T_ELSEIF) or else (T_ELSE) or endif (T_ENDIF) in C:\xampp\htdocs\wordpress\wp-content\themes\unisexfashion\blog.php on line 69

2022-11-24T03:41:36+00:00 CRITICAL syntax error, unexpected end of file, expecting elseif (T_ELSEIF) or else (T_ELSE) or endif (T_ENDIF) in C:\xampp\htdocs\wordpress\wp-content\themes\unisexfashion\blog.php on line 69

2022-11-24T03:43:05+00:00 CRITICAL syntax error, unexpected end of file, expecting elseif (T_ELSEIF) or else (T_ELSE) or endif (T_ENDIF) in C:\xampp\htdocs\wordpress\wp-content\themes\unisexfashion\blog.php on line 69

2022-11-24T03:43:05+00:00 CRITICAL syntax error, unexpected end of file, expecting elseif (T_ELSEIF) or else (T_ELSE) or endif (T_ENDIF) in C:\xampp\htdocs\wordpress\wp-content\themes\unisexfashion\blog.php on line 69

2022-11-24T03:44:39+00:00 CRITICAL syntax error, unexpected end of file, expecting elseif (T_ELSEIF) or else (T_ELSE) or endif (T_ENDIF) in C:\xampp\htdocs\wordpress\wp-content\themes\unisexfashion\blog.php on line 53

2022-11-24T03:44:40+00:00 CRITICAL syntax error, unexpected end of file, expecting elseif (T_ELSEIF) or else (T_ELSE) or endif (T_ENDIF) in C:\xampp\htdocs\wordpress\wp-content\themes\unisexfashion\blog.php on line 53

2022-11-24T03:44:42+00:00 CRITICAL syntax error, unexpected end of file, expecting elseif (T_ELSEIF) or else (T_ELSE) or endif (T_ENDIF) in C:\xampp\htdocs\wordpress\wp-content\themes\unisexfashion\blog.php on line 53

2022-11-24T03:45:22+00:00 CRITICAL syntax error, unexpected '}', expecting elseif (T_ELSEIF) or else (T_ELSE) or endif (T_ENDIF) in C:\xampp\htdocs\wordpress\wp-content\themes\unisexfashion\blog.php on line 66

2022-11-24T03:45:22+00:00 CRITICAL syntax error, unexpected '}', expecting elseif (T_ELSEIF) or else (T_ELSE) or endif (T_ENDIF) in C:\xampp\htdocs\wordpress\wp-content\themes\unisexfashion\blog.php on line 66

2022-11-24T04:18:11+00:00 CRITICAL Uncaught Error: Call to undefined function get_the_thumnail() in C:\xampp\htdocs\wordpress\wp-content\themes\unisexfashion\template-parts\content-post.php:5
Stack trace:
#0 C:\xampp\htdocs\wordpress\wp-includes\template.php(785): require()
#1 C:\xampp\htdocs\wordpress\wp-includes\template.php(718): load_template('C:\\xampp\\htdocs...', false, Array)
#2 C:\xampp\htdocs\wordpress\wp-includes\general-template.php(204): locate_template(Array, true, false, Array)
#3 C:\xampp\htdocs\wordpress\wp-content\themes\unisexfashion\blog.php(39): get_template_part('template-parts/...')
#4 C:\xampp\htdocs\wordpress\wp-includes\template-loader.php(106): include('C:\\xampp\\htdocs...')
#5 C:\xampp\htdocs\wordpress\wp-blog-header.php(19): require_once('C:\\xampp\\htdocs...')
#6 C:\xampp\htdocs\wordpress\index.php(17): require('C:\\xampp\\htdocs...')
#7 {main}
  thrown in C:\xampp\htdocs\wordpress\wp-content\themes\unisexfashion\template-parts\content-post.php on line 5

2022-11-24T04:22:32+00:00 CRITICAL Uncaught Error: Call to undefined function dyamic_sidebar() in C:\xampp\htdocs\wordpress\wp-content\themes\unisexfashion\blog.php:44
Stack trace:
#0 C:\xampp\htdocs\wordpress\wp-includes\template-loader.php(106): include()
#1 C:\xampp\htdocs\wordpress\wp-blog-header.php(19): require_once('C:\\xampp\\htdocs...')
#2 C:\xampp\htdocs\wordpress\index.php(17): require('C:\\xampp\\htdocs...')
#3 {main}
  thrown in C:\xampp\htdocs\wordpress\wp-content\themes\unisexfashion\blog.php on line 44

2022-11-24T05:49:29+00:00 CRITICAL Uncaught Error: Call to a member function get_id() on null in C:\xampp\htdocs\wordpress\wp-content\themes\unisexfashion\template-parts\content-post.php:12
Stack trace:
#0 C:\xampp\htdocs\wordpress\wp-includes\template.php(785): require()
#1 C:\xampp\htdocs\wordpress\wp-includes\template.php(718): load_template('C:\\xampp\\htdocs...', false, Array)
#2 C:\xampp\htdocs\wordpress\wp-includes\general-template.php(204): locate_template(Array, true, false, Array)
#3 C:\xampp\htdocs\wordpress\wp-content\themes\unisexfashion\blog.php(39): get_template_part('template-parts/...')
#4 C:\xampp\htdocs\wordpress\wp-includes\template-loader.php(106): include('C:\\xampp\\htdocs...')
#5 C:\xampp\htdocs\wordpress\wp-blog-header.php(19): require_once('C:\\xampp\\htdocs...')
#6 C:\xampp\htdocs\wordpress\index.php(17): require('C:\\xampp\\htdocs...')
#7 {main}
  thrown in C:\xampp\htdocs\wordpress\wp-content\themes\unisexfashion\template-parts\content-post.php on line 12

2022-11-24T05:52:57+00:00 CRITICAL Uncaught Error: Call to undefined method WP_Post::get_id() in C:\xampp\htdocs\wordpress\wp-content\themes\unisexfashion\template-parts\content-post.php:12
Stack trace:
#0 C:\xampp\htdocs\wordpress\wp-includes\template.php(785): require()
#1 C:\xampp\htdocs\wordpress\wp-includes\template.php(718): load_template('C:\\xampp\\htdocs...', false, Array)
#2 C:\xampp\htdocs\wordpress\wp-includes\general-template.php(204): locate_template(Array, true, false, Array)
#3 C:\xampp\htdocs\wordpress\wp-content\themes\unisexfashion\blog.php(39): get_template_part('template-parts/...')
#4 C:\xampp\htdocs\wordpress\wp-includes\template-loader.php(106): include('C:\\xampp\\htdocs...')
#5 C:\xampp\htdocs\wordpress\wp-blog-header.php(19): require_once('C:\\xampp\\htdocs...')
#6 C:\xampp\htdocs\wordpress\index.php(17): require('C:\\xampp\\htdocs...')
#7 {main}
  thrown in C:\xampp\htdocs\wordpress\wp-content\themes\unisexfashion\template-parts\content-post.php on line 12

2022-11-24T05:53:16+00:00 CRITICAL Uncaught Error: Object of class WP_Post could not be converted to string in C:\xampp\htdocs\wordpress\wp-content\themes\unisexfashion\template-parts\content-post.php:12
Stack trace:
#0 C:\xampp\htdocs\wordpress\wp-includes\template.php(785): require()
#1 C:\xampp\htdocs\wordpress\wp-includes\template.php(718): load_template('C:\\xampp\\htdocs...', false, Array)
#2 C:\xampp\htdocs\wordpress\wp-includes\general-template.php(204): locate_template(Array, true, false, Array)
#3 C:\xampp\htdocs\wordpress\wp-content\themes\unisexfashion\blog.php(39): get_template_part('template-parts/...')
#4 C:\xampp\htdocs\wordpress\wp-includes\template-loader.php(106): include('C:\\xampp\\htdocs...')
#5 C:\xampp\htdocs\wordpress\wp-blog-header.php(19): require_once('C:\\xampp\\htdocs...')
#6 C:\xampp\htdocs\wordpress\index.php(17): require('C:\\xampp\\htdocs...')
#7 {main}
  thrown in C:\xampp\htdocs\wordpress\wp-content\themes\unisexfashion\template-parts\content-post.php on line 12

2022-11-24T12:58:44+00:00 CRITICAL syntax error, unexpected '<', expecting end of file in C:\xampp\htdocs\wordpress\wp-content\themes\unisexfashion\single.php on line 251

2022-11-24T12:58:45+00:00 CRITICAL syntax error, unexpected '<', expecting end of file in C:\xampp\htdocs\wordpress\wp-content\themes\unisexfashion\single.php on line 251

2022-11-24T12:59:19+00:00 CRITICAL syntax error, unexpected 'endif' (T_ENDIF), expecting end of file in C:\xampp\htdocs\wordpress\wp-content\themes\unisexfashion\single.php on line 252

2022-11-24T12:59:19+00:00 CRITICAL syntax error, unexpected 'endif' (T_ENDIF), expecting end of file in C:\xampp\htdocs\wordpress\wp-content\themes\unisexfashion\single.php on line 252

2022-11-24T13:01:53+00:00 CRITICAL syntax error, unexpected 'endif' (T_ENDIF), expecting end of file in C:\xampp\htdocs\wordpress\wp-content\themes\unisexfashion\single.php on line 256

2022-11-24T13:01:54+00:00 CRITICAL syntax error, unexpected 'endif' (T_ENDIF), expecting end of file in C:\xampp\htdocs\wordpress\wp-content\themes\unisexfashion\single.php on line 256

2022-11-24T13:14:04+00:00 CRITICAL syntax error, unexpected end of file, expecting elseif (T_ELSEIF) or else (T_ELSE) or endif (T_ENDIF) in C:\xampp\htdocs\wordpress\wp-content\themes\unisexfashion\single.php on line 254

2022-11-24T13:14:05+00:00 CRITICAL syntax error, unexpected end of file, expecting elseif (T_ELSEIF) or else (T_ELSE) or endif (T_ENDIF) in C:\xampp\htdocs\wordpress\wp-content\themes\unisexfashion\single.php on line 254

2022-11-24T14:05:16+00:00 CRITICAL Uncaught Error: Function name must be a string in C:\xampp\htdocs\wordpress\wp-content\themes\unisexfashion\single.php:86
Stack trace:
#0 C:\xampp\htdocs\wordpress\wp-includes\template-loader.php(106): include()
#1 C:\xampp\htdocs\wordpress\wp-blog-header.php(19): require_once('C:\\xampp\\htdocs...')
#2 C:\xampp\htdocs\wordpress\index.php(17): require('C:\\xampp\\htdocs...')
#3 {main}
  thrown in C:\xampp\htdocs\wordpress\wp-content\themes\unisexfashion\single.php on line 86

2022-11-24T14:05:28+00:00 CRITICAL Uncaught Error: Function name must be a string in C:\xampp\htdocs\wordpress\wp-content\themes\unisexfashion\single.php:86
Stack trace:
#0 C:\xampp\htdocs\wordpress\wp-includes\template-loader.php(106): include()
#1 C:\xampp\htdocs\wordpress\wp-blog-header.php(19): require_once('C:\\xampp\\htdocs...')
#2 C:\xampp\htdocs\wordpress\index.php(17): require('C:\\xampp\\htdocs...')
#3 {main}
  thrown in C:\xampp\htdocs\wordpress\wp-content\themes\unisexfashion\single.php on line 86

2022-11-24T14:05:35+00:00 CRITICAL Uncaught Error: Function name must be a string in C:\xampp\htdocs\wordpress\wp-content\themes\unisexfashion\single.php:86
Stack trace:
#0 C:\xampp\htdocs\wordpress\wp-includes\template-loader.php(106): include()
#1 C:\xampp\htdocs\wordpress\wp-blog-header.php(19): require_once('C:\\xampp\\htdocs...')
#2 C:\xampp\htdocs\wordpress\index.php(17): require('C:\\xampp\\htdocs...')
#3 {main}
  thrown in C:\xampp\htdocs\wordpress\wp-content\themes\unisexfashion\single.php on line 86

2022-11-24T14:23:44+00:00 CRITICAL Uncaught ArgumentCountError: Too few arguments to function apply_filters(), 1 passed in C:\xampp\htdocs\wordpress\wp-content\themes\unisexfashion\single.php on line 135 and exactly 2 expected in C:\xampp\htdocs\wordpress\wp-includes\plugin.php:173
Stack trace:
#0 C:\xampp\htdocs\wordpress\wp-content\themes\unisexfashion\single.php(135): apply_filters('woocommerce_sho...')
#1 C:\xampp\htdocs\wordpress\wp-includes\template-loader.php(106): include('C:\\xampp\\htdocs...')
#2 C:\xampp\htdocs\wordpress\wp-blog-header.php(19): require_once('C:\\xampp\\htdocs...')
#3 C:\xampp\htdocs\wordpress\index.php(17): require('C:\\xampp\\htdocs...')
#4 {main}
  thrown in C:\xampp\htdocs\wordpress\wp-includes\plugin.php on line 173

2022-11-24T14:27:07+00:00 CRITICAL Uncaught Error: Class 'C_Structured_Data' not found in C:\xampp\htdocs\wordpress\wp-content\themes\unisexfashion\single.php:135
Stack trace:
#0 C:\xampp\htdocs\wordpress\wp-includes\template-loader.php(106): include()
#1 C:\xampp\htdocs\wordpress\wp-blog-header.php(19): require_once('C:\\xampp\\htdocs...')
#2 C:\xampp\htdocs\wordpress\index.php(17): require('C:\\xampp\\htdocs...')
#3 {main}
  thrown in C:\xampp\htdocs\wordpress\wp-content\themes\unisexfashion\single.php on line 135

2022-11-24T14:27:18+00:00 CRITICAL Uncaught Error: Call to undefined function generate_product_data() in C:\xampp\htdocs\wordpress\wp-content\themes\unisexfashion\single.php:135
Stack trace:
#0 C:\xampp\htdocs\wordpress\wp-includes\template-loader.php(106): include()
#1 C:\xampp\htdocs\wordpress\wp-blog-header.php(19): require_once('C:\\xampp\\htdocs...')
#2 C:\xampp\htdocs\wordpress\index.php(17): require('C:\\xampp\\htdocs...')
#3 {main}
  thrown in C:\xampp\htdocs\wordpress\wp-content\themes\unisexfashion\single.php on line 135

2022-11-24T14:27:27+00:00 CRITICAL Uncaught Error: Class 'C_Structured_Data' not found in C:\xampp\htdocs\wordpress\wp-content\themes\unisexfashion\single.php:135
Stack trace:
#0 C:\xampp\htdocs\wordpress\wp-includes\template-loader.php(106): include()
#1 C:\xampp\htdocs\wordpress\wp-blog-header.php(19): require_once('C:\\xampp\\htdocs...')
#2 C:\xampp\htdocs\wordpress\index.php(17): require('C:\\xampp\\htdocs...')
#3 {main}
  thrown in C:\xampp\htdocs\wordpress\wp-content\themes\unisexfashion\single.php on line 135

2022-11-24T14:27:48+00:00 CRITICAL Uncaught Error: Call to undefined function generate_product_data() in C:\xampp\htdocs\wordpress\wp-content\themes\unisexfashion\single.php:135
Stack trace:
#0 C:\xampp\htdocs\wordpress\wp-includes\template-loader.php(106): include()
#1 C:\xampp\htdocs\wordpress\wp-blog-header.php(19): require_once('C:\\xampp\\htdocs...')
#2 C:\xampp\htdocs\wordpress\index.php(17): require('C:\\xampp\\htdocs...')
#3 {main}
  thrown in C:\xampp\htdocs\wordpress\wp-content\themes\unisexfashion\single.php on line 135

2022-11-24T14:40:26+00:00 CRITICAL Uncaught Error: Call to undefined method WC_Product_Simple::get_description_html() in C:\xampp\htdocs\wordpress\wp-content\themes\unisexfashion\single.php:135
Stack trace:
#0 C:\xampp\htdocs\wordpress\wp-includes\template-loader.php(106): include()
#1 C:\xampp\htdocs\wordpress\wp-blog-header.php(19): require_once('C:\\xampp\\htdocs...')
#2 C:\xampp\htdocs\wordpress\index.php(17): require('C:\\xampp\\htdocs...')
#3 {main}
  thrown in C:\xampp\htdocs\wordpress\wp-content\themes\unisexfashion\single.php on line 135

2022-11-24T14:41:17+00:00 CRITICAL Uncaught Error: Call to undefined function get_the_auto_meta() in C:\xampp\htdocs\wordpress\wp-content\themes\unisexfashion\single.php:135
Stack trace:
#0 C:\xampp\htdocs\wordpress\wp-includes\template-loader.php(106): include()
#1 C:\xampp\htdocs\wordpress\wp-blog-header.php(19): require_once('C:\\xampp\\htdocs...')
#2 C:\xampp\htdocs\wordpress\index.php(17): require('C:\\xampp\\htdocs...')
#3 {main}
  thrown in C:\xampp\htdocs\wordpress\wp-content\themes\unisexfashion\single.php on line 135

2022-11-24T14:43:28+00:00 CRITICAL Uncaught Error: Call to undefined function get_the_auto_meta() in C:\xampp\htdocs\wordpress\wp-content\themes\unisexfashion\single.php:135
Stack trace:
#0 C:\xampp\htdocs\wordpress\wp-includes\template-loader.php(106): include()
#1 C:\xampp\htdocs\wordpress\wp-blog-header.php(19): require_once('C:\\xampp\\htdocs...')
#2 C:\xampp\htdocs\wordpress\index.php(17): require('C:\\xampp\\htdocs...')
#3 {main}
  thrown in C:\xampp\htdocs\wordpress\wp-content\themes\unisexfashion\single.php on line 135

2022-11-24T15:24:04+00:00 CRITICAL Uncaught Error: Call to a member function get_id() on string in C:\xampp\htdocs\wordpress\wp-content\plugins\woocommerce\includes\wc-template-functions.php:2039
Stack trace:
#0 C:\xampp\htdocs\wordpress\wp-content\plugins\woocommerce\includes\wc-template-functions.php(2011): woocommerce_related_products(Array)
#1 C:\xampp\htdocs\wordpress\wp-content\themes\unisexfashion\single.php(25): woocommerce_output_related_products()
#2 C:\xampp\htdocs\wordpress\wp-includes\template-loader.php(106): include('C:\\xampp\\htdocs...')
#3 C:\xampp\htdocs\wordpress\wp-blog-header.php(19): require_once('C:\\xampp\\htdocs...')
#4 C:\xampp\htdocs\wordpress\index.php(17): require('C:\\xampp\\htdocs...')
#5 {main}
  thrown in C:\xampp\htdocs\wordpress\wp-content\plugins\woocommerce\includes\wc-template-functions.php on line 2039

2022-11-24T16:09:13+00:00 CRITICAL Uncaught Error: Call to a member function get_image_id() on null in C:\xampp\htdocs\wordpress\wp-content\themes\unisexfashion\single.php:36
Stack trace:
#0 C:\xampp\htdocs\wordpress\wp-includes\template-loader.php(106): include()
#1 C:\xampp\htdocs\wordpress\wp-blog-header.php(19): require_once('C:\\xampp\\htdocs...')
#2 C:\xampp\htdocs\wordpress\index.php(17): require('C:\\xampp\\htdocs...')
#3 {main}
  thrown in C:\xampp\htdocs\wordpress\wp-content\themes\unisexfashion\single.php on line 36

2022-11-24T16:20:18+00:00 CRITICAL Uncaught Error: Call to a member function get_image_id() on null in C:\xampp\htdocs\wordpress\wp-content\themes\unisexfashion\single.php:36
Stack trace:
#0 C:\xampp\htdocs\wordpress\wp-includes\template-loader.php(106): include()
#1 C:\xampp\htdocs\wordpress\wp-blog-header.php(19): require_once('C:\\xampp\\htdocs...')
#2 C:\xampp\htdocs\wordpress\index.php(17): require('C:\\xampp\\htdocs...')
#3 {main}
  thrown in C:\xampp\htdocs\wordpress\wp-content\themes\unisexfashion\single.php on line 36

