2022-11-30T06:27:49+00:00 CRITICAL Uncaught Error: Call to a member function get_id() on null in C:\xampp\htdocs\test\wp-content\themes\unisexfashion\template-parts\content.php:29
Stack trace:
#0 C:\xampp\htdocs\test\wp-includes\template.php(785): require()
#1 C:\xampp\htdocs\test\wp-includes\template.php(718): load_template('C:\\xampp\\htdocs...', false, Array)
#2 C:\xampp\htdocs\test\wp-includes\general-template.php(204): locate_template(Array, true, false, Array)
#3 C:\xampp\htdocs\test\wp-content\themes\unisexfashion\search.php(228): get_template_part('template-parts/...')
#4 C:\xampp\htdocs\test\wp-includes\template-loader.php(106): include('C:\\xampp\\htdocs...')
#5 C:\xampp\htdocs\test\wp-blog-header.php(19): require_once('C:\\xampp\\htdocs...')
#6 C:\xampp\htdocs\test\index.php(17): require('C:\\xampp\\htdocs...')
#7 {main}
  thrown in C:\xampp\htdocs\test\wp-content\themes\unisexfashion\template-parts\content.php on line 29

2022-11-30T06:32:48+00:00 CRITICAL Uncaught Error: Call to a member function get_id() on null in C:\xampp\htdocs\test\wp-content\themes\unisexfashion\template-parts\content.php:29
Stack trace:
#0 C:\xampp\htdocs\test\wp-includes\template.php(785): require()
#1 C:\xampp\htdocs\test\wp-includes\template.php(718): load_template('C:\\xampp\\htdocs...', false, Array)
#2 C:\xampp\htdocs\test\wp-includes\general-template.php(204): locate_template(Array, true, false, Array)
#3 C:\xampp\htdocs\test\wp-content\themes\unisexfashion\search.php(228): get_template_part('template-parts/...')
#4 C:\xampp\htdocs\test\wp-includes\template-loader.php(106): include('C:\\xampp\\htdocs...')
#5 C:\xampp\htdocs\test\wp-blog-header.php(19): require_once('C:\\xampp\\htdocs...')
#6 C:\xampp\htdocs\test\index.php(17): require('C:\\xampp\\htdocs...')
#7 {main}
  thrown in C:\xampp\htdocs\test\wp-content\themes\unisexfashion\template-parts\content.php on line 29

2022-11-30T06:32:58+00:00 CRITICAL Uncaught Error: Call to a member function get_id() on null in C:\xampp\htdocs\test\wp-content\themes\unisexfashion\template-parts\content.php:29
Stack trace:
#0 C:\xampp\htdocs\test\wp-includes\template.php(785): require()
#1 C:\xampp\htdocs\test\wp-includes\template.php(718): load_template('C:\\xampp\\htdocs...', false, Array)
#2 C:\xampp\htdocs\test\wp-includes\general-template.php(204): locate_template(Array, true, false, Array)
#3 C:\xampp\htdocs\test\wp-content\themes\unisexfashion\search.php(228): get_template_part('template-parts/...')
#4 C:\xampp\htdocs\test\wp-includes\template-loader.php(106): include('C:\\xampp\\htdocs...')
#5 C:\xampp\htdocs\test\wp-blog-header.php(19): require_once('C:\\xampp\\htdocs...')
#6 C:\xampp\htdocs\test\index.php(17): require('C:\\xampp\\htdocs...')
#7 {main}
  thrown in C:\xampp\htdocs\test\wp-content\themes\unisexfashion\template-parts\content.php on line 29

2022-11-30T06:33:14+00:00 CRITICAL Uncaught Error: Call to a member function get_id() on null in C:\xampp\htdocs\test\wp-content\themes\unisexfashion\template-parts\content.php:29
Stack trace:
#0 C:\xampp\htdocs\test\wp-includes\template.php(785): require()
#1 C:\xampp\htdocs\test\wp-includes\template.php(718): load_template('C:\\xampp\\htdocs...', false, Array)
#2 C:\xampp\htdocs\test\wp-includes\general-template.php(204): locate_template(Array, true, false, Array)
#3 C:\xampp\htdocs\test\wp-content\themes\unisexfashion\search.php(228): get_template_part('template-parts/...')
#4 C:\xampp\htdocs\test\wp-includes\template-loader.php(106): include('C:\\xampp\\htdocs...')
#5 C:\xampp\htdocs\test\wp-blog-header.php(19): require_once('C:\\xampp\\htdocs...')
#6 C:\xampp\htdocs\test\index.php(17): require('C:\\xampp\\htdocs...')
#7 {main}
  thrown in C:\xampp\htdocs\test\wp-content\themes\unisexfashion\template-parts\content.php on line 29

2022-11-30T06:34:02+00:00 CRITICAL Uncaught Error: Call to a member function get_id() on null in C:\xampp\htdocs\test\wp-content\themes\unisexfashion\template-parts\content.php:29
Stack trace:
#0 C:\xampp\htdocs\test\wp-includes\template.php(785): require()
#1 C:\xampp\htdocs\test\wp-includes\template.php(718): load_template('C:\\xampp\\htdocs...', false, Array)
#2 C:\xampp\htdocs\test\wp-includes\general-template.php(204): locate_template(Array, true, false, Array)
#3 C:\xampp\htdocs\test\wp-content\themes\unisexfashion\search.php(228): get_template_part('template-parts/...')
#4 C:\xampp\htdocs\test\wp-includes\template-loader.php(106): include('C:\\xampp\\htdocs...')
#5 C:\xampp\htdocs\test\wp-blog-header.php(19): require_once('C:\\xampp\\htdocs...')
#6 C:\xampp\htdocs\test\index.php(17): require('C:\\xampp\\htdocs...')
#7 {main}
  thrown in C:\xampp\htdocs\test\wp-content\themes\unisexfashion\template-parts\content.php on line 29

2022-11-30T06:56:26+00:00 CRITICAL Uncaught Error: Call to undefined function template_directory() in C:\xampp\htdocs\test\wp-content\themes\unisexfashion\header.php:54
Stack trace:
#0 C:\xampp\htdocs\test\wp-includes\template.php(783): require_once()
#1 C:\xampp\htdocs\test\wp-includes\template.php(718): load_template('C:\\xampp\\htdocs...', true, Array)
#2 C:\xampp\htdocs\test\wp-includes\general-template.php(48): locate_template(Array, true, true, Array)
#3 C:\xampp\htdocs\test\wp-content\themes\unisexfashion\index.php(1): get_header()
#4 C:\xampp\htdocs\test\wp-includes\template-loader.php(106): include('C:\\xampp\\htdocs...')
#5 C:\xampp\htdocs\test\wp-blog-header.php(19): require_once('C:\\xampp\\htdocs...')
#6 C:\xampp\htdocs\test\index.php(17): require('C:\\xampp\\htdocs...')
#7 {main}
  thrown in C:\xampp\htdocs\test\wp-content\themes\unisexfashion\header.php on line 54

2022-11-30T06:56:30+00:00 CRITICAL Uncaught Error: Call to undefined function template_directory() in C:\xampp\htdocs\test\wp-content\themes\unisexfashion\header.php:54
Stack trace:
#0 C:\xampp\htdocs\test\wp-includes\template.php(783): require_once()
#1 C:\xampp\htdocs\test\wp-includes\template.php(718): load_template('C:\\xampp\\htdocs...', true, Array)
#2 C:\xampp\htdocs\test\wp-includes\general-template.php(48): locate_template(Array, true, true, Array)
#3 C:\xampp\htdocs\test\wp-content\themes\unisexfashion\index.php(1): get_header()
#4 C:\xampp\htdocs\test\wp-includes\template-loader.php(106): include('C:\\xampp\\htdocs...')
#5 C:\xampp\htdocs\test\wp-blog-header.php(19): require_once('C:\\xampp\\htdocs...')
#6 C:\xampp\htdocs\test\index.php(17): require('C:\\xampp\\htdocs...')
#7 {main}
  thrown in C:\xampp\htdocs\test\wp-content\themes\unisexfashion\header.php on line 54

2022-11-30T06:56:30+00:00 CRITICAL Uncaught Error: Call to undefined function template_directory() in C:\xampp\htdocs\test\wp-content\themes\unisexfashion\header.php:54
Stack trace:
#0 C:\xampp\htdocs\test\wp-includes\template.php(783): require_once()
#1 C:\xampp\htdocs\test\wp-includes\template.php(718): load_template('C:\\xampp\\htdocs...', true, Array)
#2 C:\xampp\htdocs\test\wp-includes\general-template.php(48): locate_template(Array, true, true, Array)
#3 C:\xampp\htdocs\test\wp-content\themes\unisexfashion\index.php(1): get_header()
#4 C:\xampp\htdocs\test\wp-includes\template-loader.php(106): include('C:\\xampp\\htdocs...')
#5 C:\xampp\htdocs\test\wp-blog-header.php(19): require_once('C:\\xampp\\htdocs...')
#6 C:\xampp\htdocs\test\index.php(17): require('C:\\xampp\\htdocs...')
#7 {main}
  thrown in C:\xampp\htdocs\test\wp-content\themes\unisexfashion\header.php on line 54

2022-11-30T06:56:34+00:00 CRITICAL Uncaught Error: Call to undefined function template_directory() in C:\xampp\htdocs\test\wp-content\themes\unisexfashion\header.php:54
Stack trace:
#0 C:\xampp\htdocs\test\wp-includes\template.php(783): require_once()
#1 C:\xampp\htdocs\test\wp-includes\template.php(718): load_template('C:\\xampp\\htdocs...', true, Array)
#2 C:\xampp\htdocs\test\wp-includes\general-template.php(48): locate_template(Array, true, true, Array)
#3 C:\xampp\htdocs\test\wp-content\themes\unisexfashion\blog.php(6): get_header()
#4 C:\xampp\htdocs\test\wp-includes\template-loader.php(106): include('C:\\xampp\\htdocs...')
#5 C:\xampp\htdocs\test\wp-blog-header.php(19): require_once('C:\\xampp\\htdocs...')
#6 C:\xampp\htdocs\test\index.php(17): require('C:\\xampp\\htdocs...')
#7 {main}
  thrown in C:\xampp\htdocs\test\wp-content\themes\unisexfashion\header.php on line 54

2022-11-30T06:56:40+00:00 CRITICAL Uncaught Error: Call to undefined function template_directory() in C:\xampp\htdocs\test\wp-content\themes\unisexfashion\header.php:54
Stack trace:
#0 C:\xampp\htdocs\test\wp-includes\template.php(783): require_once()
#1 C:\xampp\htdocs\test\wp-includes\template.php(718): load_template('C:\\xampp\\htdocs...', true, Array)
#2 C:\xampp\htdocs\test\wp-includes\general-template.php(48): locate_template(Array, true, true, Array)
#3 C:\xampp\htdocs\test\wp-content\themes\unisexfashion\index.php(1): get_header()
#4 C:\xampp\htdocs\test\wp-includes\template-loader.php(106): include('C:\\xampp\\htdocs...')
#5 C:\xampp\htdocs\test\wp-blog-header.php(19): require_once('C:\\xampp\\htdocs...')
#6 C:\xampp\htdocs\test\index.php(17): require('C:\\xampp\\htdocs...')
#7 {main}
  thrown in C:\xampp\htdocs\test\wp-content\themes\unisexfashion\header.php on line 54

2022-11-30T10:54:50+00:00 CRITICAL Uncaught Error: Call to undefined function ratings_template() in C:\xampp\htdocs\test\wp-content\themes\unisexfashion\single-product.php:141
Stack trace:
#0 C:\xampp\htdocs\test\wp-includes\template-loader.php(106): include()
#1 C:\xampp\htdocs\test\wp-blog-header.php(19): require_once('C:\\xampp\\htdocs...')
#2 C:\xampp\htdocs\test\index.php(17): require('C:\\xampp\\htdocs...')
#3 {main}
  thrown in C:\xampp\htdocs\test\wp-content\themes\unisexfashion\single-product.php on line 141

2022-11-30T10:55:14+00:00 CRITICAL Uncaught Error: Call to undefined function ratings_template() in C:\xampp\htdocs\test\wp-content\themes\unisexfashion\single-product.php:141
Stack trace:
#0 C:\xampp\htdocs\test\wp-includes\template-loader.php(106): include()
#1 C:\xampp\htdocs\test\wp-blog-header.php(19): require_once('C:\\xampp\\htdocs...')
#2 C:\xampp\htdocs\test\index.php(17): require('C:\\xampp\\htdocs...')
#3 {main}
  thrown in C:\xampp\htdocs\test\wp-content\themes\unisexfashion\single-product.php on line 141

2022-11-30T10:55:19+00:00 CRITICAL Uncaught Error: Call to undefined function rating_template() in C:\xampp\htdocs\test\wp-content\themes\unisexfashion\single-product.php:141
Stack trace:
#0 C:\xampp\htdocs\test\wp-includes\template-loader.php(106): include()
#1 C:\xampp\htdocs\test\wp-blog-header.php(19): require_once('C:\\xampp\\htdocs...')
#2 C:\xampp\htdocs\test\index.php(17): require('C:\\xampp\\htdocs...')
#3 {main}
  thrown in C:\xampp\htdocs\test\wp-content\themes\unisexfashion\single-product.php on line 141

2022-11-30T10:55:32+00:00 CRITICAL Uncaught Error: Call to undefined function review_template() in C:\xampp\htdocs\test\wp-content\themes\unisexfashion\single-product.php:141
Stack trace:
#0 C:\xampp\htdocs\test\wp-includes\template-loader.php(106): include()
#1 C:\xampp\htdocs\test\wp-blog-header.php(19): require_once('C:\\xampp\\htdocs...')
#2 C:\xampp\htdocs\test\index.php(17): require('C:\\xampp\\htdocs...')
#3 {main}
  thrown in C:\xampp\htdocs\test\wp-content\themes\unisexfashion\single-product.php on line 141

2022-11-30T10:55:36+00:00 CRITICAL Uncaught Error: Call to undefined function reviews_template() in C:\xampp\htdocs\test\wp-content\themes\unisexfashion\single-product.php:141
Stack trace:
#0 C:\xampp\htdocs\test\wp-includes\template-loader.php(106): include()
#1 C:\xampp\htdocs\test\wp-blog-header.php(19): require_once('C:\\xampp\\htdocs...')
#2 C:\xampp\htdocs\test\index.php(17): require('C:\\xampp\\htdocs...')
#3 {main}
  thrown in C:\xampp\htdocs\test\wp-content\themes\unisexfashion\single-product.php on line 141

2022-11-30T10:57:31+00:00 CRITICAL Uncaught Error: Call to undefined function ratings_template() in C:\xampp\htdocs\test\wp-content\themes\unisexfashion\single-product.php:143
Stack trace:
#0 C:\xampp\htdocs\test\wp-includes\template-loader.php(106): include()
#1 C:\xampp\htdocs\test\wp-blog-header.php(19): require_once('C:\\xampp\\htdocs...')
#2 C:\xampp\htdocs\test\index.php(17): require('C:\\xampp\\htdocs...')
#3 {main}
  thrown in C:\xampp\htdocs\test\wp-content\themes\unisexfashion\single-product.php on line 143

2022-11-30T11:42:32+00:00 CRITICAL Uncaught Error: Call to undefined function reviews_template() in C:\xampp\htdocs\test\wp-content\themes\unisexfashion\single-product.php:141
Stack trace:
#0 C:\xampp\htdocs\test\wp-includes\template-loader.php(106): include()
#1 C:\xampp\htdocs\test\wp-blog-header.php(19): require_once('C:\\xampp\\htdocs...')
#2 C:\xampp\htdocs\test\index.php(17): require('C:\\xampp\\htdocs...')
#3 {main}
  thrown in C:\xampp\htdocs\test\wp-content\themes\unisexfashion\single-product.php on line 141

