2022-11-25T02:37:30+00:00 CRITICAL Uncaught Error: Call to a member function get_image_id() on null in C:\xampp\htdocs\wordpress\wp-content\themes\unisexfashion\single.php:36
Stack trace:
#0 C:\xampp\htdocs\wordpress\wp-includes\template-loader.php(106): include()
#1 C:\xampp\htdocs\wordpress\wp-blog-header.php(19): require_once('C:\\xampp\\htdocs...')
#2 C:\xampp\htdocs\wordpress\index.php(17): require('C:\\xampp\\htdocs...')
#3 {main}
  thrown in C:\xampp\htdocs\wordpress\wp-content\themes\unisexfashion\single.php on line 36

2022-11-25T02:44:31+00:00 CRITICAL Uncaught Error: Call to a member function get_image_id() on null in C:\xampp\htdocs\wordpress\wp-content\themes\unisexfashion\single.php:36
Stack trace:
#0 C:\xampp\htdocs\wordpress\wp-includes\template-loader.php(106): include()
#1 C:\xampp\htdocs\wordpress\wp-blog-header.php(19): require_once('C:\\xampp\\htdocs...')
#2 C:\xampp\htdocs\wordpress\index.php(17): require('C:\\xampp\\htdocs...')
#3 {main}
  thrown in C:\xampp\htdocs\wordpress\wp-content\themes\unisexfashion\single.php on line 36

2022-11-25T03:07:00+00:00 CRITICAL Uncaught Error: Call to a member function get_image_id() on null in C:\xampp\htdocs\wordpress\wp-content\themes\unisexfashion\single.php:36
Stack trace:
#0 C:\xampp\htdocs\wordpress\wp-includes\template-loader.php(106): include()
#1 C:\xampp\htdocs\wordpress\wp-blog-header.php(19): require_once('C:\\xampp\\htdocs...')
#2 C:\xampp\htdocs\wordpress\index.php(17): require('C:\\xampp\\htdocs...')
#3 {main}
  thrown in C:\xampp\htdocs\wordpress\wp-content\themes\unisexfashion\single.php on line 36

2022-11-25T03:57:53+00:00 CRITICAL Uncaught Error: Call to a member function get_image_id() on null in C:\xampp\htdocs\wordpress\wp-content\themes\unisexfashion\single.php:36
Stack trace:
#0 C:\xampp\htdocs\wordpress\wp-includes\template-loader.php(106): include()
#1 C:\xampp\htdocs\wordpress\wp-blog-header.php(19): require_once('C:\\xampp\\htdocs...')
#2 C:\xampp\htdocs\wordpress\index.php(17): require('C:\\xampp\\htdocs...')
#3 {main}
  thrown in C:\xampp\htdocs\wordpress\wp-content\themes\unisexfashion\single.php on line 36

2022-11-25T03:58:42+00:00 CRITICAL Uncaught Error: Call to a member function get_image_id() on null in C:\xampp\htdocs\wordpress\wp-content\themes\unisexfashion\single.php:36
Stack trace:
#0 C:\xampp\htdocs\wordpress\wp-includes\template-loader.php(106): include()
#1 C:\xampp\htdocs\wordpress\wp-blog-header.php(19): require_once('C:\\xampp\\htdocs...')
#2 C:\xampp\htdocs\wordpress\index.php(17): require('C:\\xampp\\htdocs...')
#3 {main}
  thrown in C:\xampp\htdocs\wordpress\wp-content\themes\unisexfashion\single.php on line 36

2022-11-25T04:01:26+00:00 CRITICAL Uncaught Error: Call to a member function get_id() on null in C:\xampp\htdocs\wordpress\wp-content\themes\unisexfashion\template-parts\content-post.php:12
Stack trace:
#0 C:\xampp\htdocs\wordpress\wp-includes\template.php(785): require()
#1 C:\xampp\htdocs\wordpress\wp-includes\template.php(718): load_template('C:\\xampp\\htdocs...', false, Array)
#2 C:\xampp\htdocs\wordpress\wp-includes\general-template.php(204): locate_template(Array, true, false, Array)
#3 C:\xampp\htdocs\wordpress\wp-content\themes\unisexfashion\blog.php(40): get_template_part('template-parts/...')
#4 C:\xampp\htdocs\wordpress\wp-includes\template-loader.php(106): include('C:\\xampp\\htdocs...')
#5 C:\xampp\htdocs\wordpress\wp-blog-header.php(19): require_once('C:\\xampp\\htdocs...')
#6 C:\xampp\htdocs\wordpress\index.php(17): require('C:\\xampp\\htdocs...')
#7 {main}
  thrown in C:\xampp\htdocs\wordpress\wp-content\themes\unisexfashion\template-parts\content-post.php on line 12

2022-11-25T04:01:37+00:00 CRITICAL Uncaught Error: Call to undefined method WP_Post::get_id() in C:\xampp\htdocs\wordpress\wp-content\themes\unisexfashion\template-parts\content-post.php:12
Stack trace:
#0 C:\xampp\htdocs\wordpress\wp-includes\template.php(785): require()
#1 C:\xampp\htdocs\wordpress\wp-includes\template.php(718): load_template('C:\\xampp\\htdocs...', false, Array)
#2 C:\xampp\htdocs\wordpress\wp-includes\general-template.php(204): locate_template(Array, true, false, Array)
#3 C:\xampp\htdocs\wordpress\wp-content\themes\unisexfashion\blog.php(40): get_template_part('template-parts/...')
#4 C:\xampp\htdocs\wordpress\wp-includes\template-loader.php(106): include('C:\\xampp\\htdocs...')
#5 C:\xampp\htdocs\wordpress\wp-blog-header.php(19): require_once('C:\\xampp\\htdocs...')
#6 C:\xampp\htdocs\wordpress\index.php(17): require('C:\\xampp\\htdocs...')
#7 {main}
  thrown in C:\xampp\htdocs\wordpress\wp-content\themes\unisexfashion\template-parts\content-post.php on line 12

2022-11-25T04:02:24+00:00 CRITICAL Uncaught Error: Call to a member function get_image_id() on null in C:\xampp\htdocs\wordpress\wp-content\themes\unisexfashion\single.php:36
Stack trace:
#0 C:\xampp\htdocs\wordpress\wp-includes\template-loader.php(106): include()
#1 C:\xampp\htdocs\wordpress\wp-blog-header.php(19): require_once('C:\\xampp\\htdocs...')
#2 C:\xampp\htdocs\wordpress\index.php(17): require('C:\\xampp\\htdocs...')
#3 {main}
  thrown in C:\xampp\htdocs\wordpress\wp-content\themes\unisexfashion\single.php on line 36

2022-11-25T04:05:11+00:00 CRITICAL Uncaught Error: Call to a member function get_image_id() on null in C:\xampp\htdocs\wordpress\wp-content\themes\unisexfashion\single.php:36
Stack trace:
#0 C:\xampp\htdocs\wordpress\wp-includes\template-loader.php(106): include()
#1 C:\xampp\htdocs\wordpress\wp-blog-header.php(19): require_once('C:\\xampp\\htdocs...')
#2 C:\xampp\htdocs\wordpress\index.php(17): require('C:\\xampp\\htdocs...')
#3 {main}
  thrown in C:\xampp\htdocs\wordpress\wp-content\themes\unisexfashion\single.php on line 36

2022-11-25T04:07:28+00:00 CRITICAL Uncaught Error: Call to a member function get_image_id() on null in C:\xampp\htdocs\wordpress\wp-content\themes\unisexfashion\single.php:36
Stack trace:
#0 C:\xampp\htdocs\wordpress\wp-includes\template-loader.php(106): include()
#1 C:\xampp\htdocs\wordpress\wp-blog-header.php(19): require_once('C:\\xampp\\htdocs...')
#2 C:\xampp\htdocs\wordpress\index.php(17): require('C:\\xampp\\htdocs...')
#3 {main}
  thrown in C:\xampp\htdocs\wordpress\wp-content\themes\unisexfashion\single.php on line 36

2022-11-25T04:22:20+00:00 CRITICAL Uncaught Error: Call to a member function get_image_id() on null in C:\xampp\htdocs\wordpress\wp-content\themes\unisexfashion\single.php:36
Stack trace:
#0 C:\xampp\htdocs\wordpress\wp-includes\template-loader.php(106): include()
#1 C:\xampp\htdocs\wordpress\wp-blog-header.php(19): require_once('C:\\xampp\\htdocs...')
#2 C:\xampp\htdocs\wordpress\index.php(17): require('C:\\xampp\\htdocs...')
#3 {main}
  thrown in C:\xampp\htdocs\wordpress\wp-content\themes\unisexfashion\single.php on line 36

2022-11-25T04:22:31+00:00 CRITICAL Uncaught Error: Call to a member function get_image_id() on null in C:\xampp\htdocs\wordpress\wp-content\themes\unisexfashion\single.php:36
Stack trace:
#0 C:\xampp\htdocs\wordpress\wp-includes\template-loader.php(106): include()
#1 C:\xampp\htdocs\wordpress\wp-blog-header.php(19): require_once('C:\\xampp\\htdocs...')
#2 C:\xampp\htdocs\wordpress\index.php(17): require('C:\\xampp\\htdocs...')
#3 {main}
  thrown in C:\xampp\htdocs\wordpress\wp-content\themes\unisexfashion\single.php on line 36

2022-11-25T04:23:35+00:00 CRITICAL Uncaught Error: Call to a member function get_image_id() on null in C:\xampp\htdocs\wordpress\wp-content\themes\unisexfashion\single.php:36
Stack trace:
#0 C:\xampp\htdocs\wordpress\wp-includes\template-loader.php(106): include()
#1 C:\xampp\htdocs\wordpress\wp-blog-header.php(19): require_once('C:\\xampp\\htdocs...')
#2 C:\xampp\htdocs\wordpress\index.php(17): require('C:\\xampp\\htdocs...')
#3 {main}
  thrown in C:\xampp\htdocs\wordpress\wp-content\themes\unisexfashion\single.php on line 36

2022-11-25T04:25:01+00:00 CRITICAL Uncaught Error: Call to a member function get_image_id() on null in C:\xampp\htdocs\wordpress\wp-content\themes\unisexfashion\single.php:36
Stack trace:
#0 C:\xampp\htdocs\wordpress\wp-includes\template-loader.php(106): include()
#1 C:\xampp\htdocs\wordpress\wp-blog-header.php(19): require_once('C:\\xampp\\htdocs...')
#2 C:\xampp\htdocs\wordpress\index.php(17): require('C:\\xampp\\htdocs...')
#3 {main}
  thrown in C:\xampp\htdocs\wordpress\wp-content\themes\unisexfashion\single.php on line 36

2022-11-25T04:30:03+00:00 CRITICAL Uncaught Error: Call to a member function get_image_id() on null in C:\xampp\htdocs\wordpress\wp-content\themes\unisexfashion\single.php:36
Stack trace:
#0 C:\xampp\htdocs\wordpress\wp-includes\template-loader.php(106): include()
#1 C:\xampp\htdocs\wordpress\wp-blog-header.php(19): require_once('C:\\xampp\\htdocs...')
#2 C:\xampp\htdocs\wordpress\index.php(17): require('C:\\xampp\\htdocs...')
#3 {main}
  thrown in C:\xampp\htdocs\wordpress\wp-content\themes\unisexfashion\single.php on line 36

2022-11-25T04:34:10+00:00 CRITICAL Uncaught Error: Call to a member function get_image_id() on null in C:\xampp\htdocs\wordpress\wp-content\themes\unisexfashion\single.php:36
Stack trace:
#0 C:\xampp\htdocs\wordpress\wp-includes\template-loader.php(106): include()
#1 C:\xampp\htdocs\wordpress\wp-blog-header.php(19): require_once('C:\\xampp\\htdocs...')
#2 C:\xampp\htdocs\wordpress\index.php(17): require('C:\\xampp\\htdocs...')
#3 {main}
  thrown in C:\xampp\htdocs\wordpress\wp-content\themes\unisexfashion\single.php on line 36

2022-11-25T04:35:58+00:00 CRITICAL Uncaught Error: Call to a member function get_image_id() on null in C:\xampp\htdocs\wordpress\wp-content\themes\unisexfashion\single.php:36
Stack trace:
#0 C:\xampp\htdocs\wordpress\wp-includes\template-loader.php(106): include()
#1 C:\xampp\htdocs\wordpress\wp-blog-header.php(19): require_once('C:\\xampp\\htdocs...')
#2 C:\xampp\htdocs\wordpress\index.php(17): require('C:\\xampp\\htdocs...')
#3 {main}
  thrown in C:\xampp\htdocs\wordpress\wp-content\themes\unisexfashion\single.php on line 36

2022-11-25T04:38:02+00:00 CRITICAL Uncaught Error: Call to a member function get_image_id() on null in C:\xampp\htdocs\wordpress\wp-content\themes\unisexfashion\single.php:36
Stack trace:
#0 C:\xampp\htdocs\wordpress\wp-includes\template-loader.php(106): include()
#1 C:\xampp\htdocs\wordpress\wp-blog-header.php(19): require_once('C:\\xampp\\htdocs...')
#2 C:\xampp\htdocs\wordpress\index.php(17): require('C:\\xampp\\htdocs...')
#3 {main}
  thrown in C:\xampp\htdocs\wordpress\wp-content\themes\unisexfashion\single.php on line 36

2022-11-25T04:38:13+00:00 CRITICAL Uncaught Error: Call to a member function get_image_id() on null in C:\xampp\htdocs\wordpress\wp-content\themes\unisexfashion\single.php:36
Stack trace:
#0 C:\xampp\htdocs\wordpress\wp-includes\template-loader.php(106): include()
#1 C:\xampp\htdocs\wordpress\wp-blog-header.php(19): require_once('C:\\xampp\\htdocs...')
#2 C:\xampp\htdocs\wordpress\index.php(17): require('C:\\xampp\\htdocs...')
#3 {main}
  thrown in C:\xampp\htdocs\wordpress\wp-content\themes\unisexfashion\single.php on line 36

2022-11-25T04:49:00+00:00 CRITICAL Uncaught Error: Call to a member function get_image_id() on null in C:\xampp\htdocs\wordpress\wp-content\themes\unisexfashion\single.php:36
Stack trace:
#0 C:\xampp\htdocs\wordpress\wp-includes\template-loader.php(106): include()
#1 C:\xampp\htdocs\wordpress\wp-blog-header.php(19): require_once('C:\\xampp\\htdocs...')
#2 C:\xampp\htdocs\wordpress\index.php(17): require('C:\\xampp\\htdocs...')
#3 {main}
  thrown in C:\xampp\htdocs\wordpress\wp-content\themes\unisexfashion\single.php on line 36

2022-11-25T04:49:08+00:00 CRITICAL Uncaught Error: Call to a member function get_image_id() on null in C:\xampp\htdocs\wordpress\wp-content\themes\unisexfashion\single.php:36
Stack trace:
#0 C:\xampp\htdocs\wordpress\wp-includes\template-loader.php(106): include()
#1 C:\xampp\htdocs\wordpress\wp-blog-header.php(19): require_once('C:\\xampp\\htdocs...')
#2 C:\xampp\htdocs\wordpress\index.php(17): require('C:\\xampp\\htdocs...')
#3 {main}
  thrown in C:\xampp\htdocs\wordpress\wp-content\themes\unisexfashion\single.php on line 36

2022-11-25T14:19:06+00:00 CRITICAL syntax error, unexpected '}', expecting elseif (T_ELSEIF) or else (T_ELSE) or endif (T_ENDIF) in C:\xampp\htdocs\wordpress\wp-content\themes\unisexfashion\comments.php on line 9

2022-11-25T14:19:17+00:00 CRITICAL syntax error, unexpected '}', expecting elseif (T_ELSEIF) or else (T_ELSE) or endif (T_ENDIF) in C:\xampp\htdocs\wordpress\wp-content\themes\unisexfashion\comments.php on line 9

2022-11-25T14:30:50+00:00 CRITICAL Uncaught Error: Call to a member function get_image_id() on null in C:\xampp\htdocs\wordpress\wp-content\themes\unisexfashion\single.php:36
Stack trace:
#0 C:\xampp\htdocs\wordpress\wp-includes\template-loader.php(106): include()
#1 C:\xampp\htdocs\wordpress\wp-blog-header.php(19): require_once('C:\\xampp\\htdocs...')
#2 C:\xampp\htdocs\wordpress\index.php(17): require('C:\\xampp\\htdocs...')
#3 {main}
  thrown in C:\xampp\htdocs\wordpress\wp-content\themes\unisexfashion\single.php on line 36

2022-11-25T15:49:53+00:00 CRITICAL syntax error, unexpected '}' in C:\xampp\htdocs\wordpress\wp-content\themes\unisexfashion\includes\enqueue.php on line 55

