2022-11-06T02:22:20+00:00 CRITICAL Cannot declare class GLW_Custom_Nav_Walker, because the name is already in use in C:\xampp\htdocs\wordpress\wp-content\themes\unisexfashion\includes\class-glw-custom-nav-walker.php on line 3

2022-11-06T02:25:06+00:00 CRITICAL Cannot declare class GLW_Custom_Nav_Walker, because the name is already in use in C:\xampp\htdocs\wordpress\wp-content\themes\unisexfashion\includes\class-glw-custom-nav-walker.php on line 3

2022-11-06T02:25:09+00:00 CRITICAL Cannot declare class GLW_Custom_Nav_Walker, because the name is already in use in C:\xampp\htdocs\wordpress\wp-content\themes\unisexfashion\includes\class-glw-custom-nav-walker.php on line 3

2022-11-06T02:27:21+00:00 CRITICAL Cannot declare class GLW_Custom_Nav_Walker, because the name is already in use in C:\xampp\htdocs\wordpress\wp-content\themes\unisexfashion\includes\class-glw-custom-nav-walker.php on line 3

2022-11-06T02:27:24+00:00 CRITICAL Cannot declare class GLW_Custom_Nav_Walker, because the name is already in use in C:\xampp\htdocs\wordpress\wp-content\themes\unisexfashion\includes\class-glw-custom-nav-walker.php on line 3

2022-11-06T03:26:40+00:00 CRITICAL Uncaught TypeError: Argument 1 passed to glw_custom_pagination() must be an instance of WP_Query or null, string given, called in C:\xampp\htdocs\wordpress\wp-includes\shortcodes.php on line 355 and defined in C:\xampp\htdocs\wordpress\wp-content\plugins\myplugin\pagination.php:12
Stack trace:
#0 C:\xampp\htdocs\wordpress\wp-includes\shortcodes.php(355): glw_custom_pagination('', '', 'pagination')
#1 [internal function]: do_shortcode_tag(Array)
#2 C:\xampp\htdocs\wordpress\wp-includes\shortcodes.php(227): preg_replace_callback('/\\[(\\[?)(pagina...', 'do_shortcode_ta...', '[pagination]')
#3 C:\xampp\htdocs\wordpress\wp-content\themes\unisexfashion\shop.php(209): do_shortcode('[pagination]')
#4 C:\xampp\htdocs\wordpress\wp-includes\template-loader.php(106): include('C:\\xampp\\htdocs...')
#5 C:\xampp\htdocs\wordpress\wp-blog-header.php(19): require_once('C:\\xampp\\htdocs...')
#6 C:\xampp\htdocs\wordpress\index.php(17): require('C:\\xampp\\htdocs...')
#7 {main}
  thrown in C:\xampp\htdocs\wordpress\wp-content\plugins\myplugin\pagination.php on line 12

2022-11-06T03:27:09+00:00 CRITICAL Uncaught TypeError: Argument 1 passed to glw_custom_pagination() must be an instance of WP_Query or null, string given, called in C:\xampp\htdocs\wordpress\wp-includes\shortcodes.php on line 355 and defined in C:\xampp\htdocs\wordpress\wp-content\plugins\myplugin\pagination.php:12
Stack trace:
#0 C:\xampp\htdocs\wordpress\wp-includes\shortcodes.php(355): glw_custom_pagination('', '', 'pagination')
#1 [internal function]: do_shortcode_tag(Array)
#2 C:\xampp\htdocs\wordpress\wp-includes\shortcodes.php(227): preg_replace_callback('/\\[(\\[?)(pagina...', 'do_shortcode_ta...', '[pagination]')
#3 C:\xampp\htdocs\wordpress\wp-content\themes\unisexfashion\shop.php(209): do_shortcode('[pagination]')
#4 C:\xampp\htdocs\wordpress\wp-includes\template-loader.php(106): include('C:\\xampp\\htdocs...')
#5 C:\xampp\htdocs\wordpress\wp-blog-header.php(19): require_once('C:\\xampp\\htdocs...')
#6 C:\xampp\htdocs\wordpress\index.php(17): require('C:\\xampp\\htdocs...')
#7 {main}
  thrown in C:\xampp\htdocs\wordpress\wp-content\plugins\myplugin\pagination.php on line 12

2022-11-06T03:28:48+00:00 CRITICAL Uncaught TypeError: Argument 1 passed to glw_custom_pagination() must be an instance of WP_Query or null, string given, called in C:\xampp\htdocs\wordpress\wp-includes\shortcodes.php on line 355 and defined in C:\xampp\htdocs\wordpress\wp-content\plugins\myplugin\pagination.php:12
Stack trace:
#0 C:\xampp\htdocs\wordpress\wp-includes\shortcodes.php(355): glw_custom_pagination('', '', 'pagination')
#1 [internal function]: do_shortcode_tag(Array)
#2 C:\xampp\htdocs\wordpress\wp-includes\shortcodes.php(227): preg_replace_callback('/\\[(\\[?)(pagina...', 'do_shortcode_ta...', '[pagination]')
#3 C:\xampp\htdocs\wordpress\wp-content\themes\unisexfashion\shop.php(209): do_shortcode('[pagination]')
#4 C:\xampp\htdocs\wordpress\wp-includes\template-loader.php(106): include('C:\\xampp\\htdocs...')
#5 C:\xampp\htdocs\wordpress\wp-blog-header.php(19): require_once('C:\\xampp\\htdocs...')
#6 C:\xampp\htdocs\wordpress\index.php(17): require('C:\\xampp\\htdocs...')
#7 {main}
  thrown in C:\xampp\htdocs\wordpress\wp-content\plugins\myplugin\pagination.php on line 12

2022-11-06T03:28:58+00:00 CRITICAL Uncaught TypeError: Argument 1 passed to glw_custom_pagination() must be an instance of WP_Query or null, string given, called in C:\xampp\htdocs\wordpress\wp-includes\shortcodes.php on line 355 and defined in C:\xampp\htdocs\wordpress\wp-content\plugins\myplugin\pagination.php:12
Stack trace:
#0 C:\xampp\htdocs\wordpress\wp-includes\shortcodes.php(355): glw_custom_pagination('', '', 'pagination')
#1 [internal function]: do_shortcode_tag(Array)
#2 C:\xampp\htdocs\wordpress\wp-includes\shortcodes.php(227): preg_replace_callback('/\\[(\\[?)(pagina...', 'do_shortcode_ta...', '[pagination]')
#3 C:\xampp\htdocs\wordpress\wp-content\themes\unisexfashion\shop.php(209): do_shortcode('[pagination]')
#4 C:\xampp\htdocs\wordpress\wp-includes\template-loader.php(106): include('C:\\xampp\\htdocs...')
#5 C:\xampp\htdocs\wordpress\wp-blog-header.php(19): require_once('C:\\xampp\\htdocs...')
#6 C:\xampp\htdocs\wordpress\index.php(17): require('C:\\xampp\\htdocs...')
#7 {main}
  thrown in C:\xampp\htdocs\wordpress\wp-content\plugins\myplugin\pagination.php on line 12

2022-11-06T03:34:13+00:00 CRITICAL Uncaught Error: Call to a member function get_price_html() on null in C:\xampp\htdocs\wordpress\wp-content\themes\unisexfashion\shop.php:232
Stack trace:
#0 C:\xampp\htdocs\wordpress\wp-includes\template-loader.php(106): include()
#1 C:\xampp\htdocs\wordpress\wp-blog-header.php(19): require_once('C:\\xampp\\htdocs...')
#2 C:\xampp\htdocs\wordpress\index.php(17): require('C:\\xampp\\htdocs...')
#3 {main}
  thrown in C:\xampp\htdocs\wordpress\wp-content\themes\unisexfashion\shop.php on line 232

2022-11-06T03:34:15+00:00 CRITICAL Uncaught Error: Call to a member function get_price_html() on null in C:\xampp\htdocs\wordpress\wp-content\themes\unisexfashion\shop.php:232
Stack trace:
#0 C:\xampp\htdocs\wordpress\wp-includes\template-loader.php(106): include()
#1 C:\xampp\htdocs\wordpress\wp-blog-header.php(19): require_once('C:\\xampp\\htdocs...')
#2 C:\xampp\htdocs\wordpress\index.php(17): require('C:\\xampp\\htdocs...')
#3 {main}
  thrown in C:\xampp\htdocs\wordpress\wp-content\themes\unisexfashion\shop.php on line 232

2022-11-06T03:39:34+00:00 CRITICAL Uncaught Error: Call to a member function get_price_html() on null in C:\xampp\htdocs\wordpress\wp-content\themes\unisexfashion\shop.php:242
Stack trace:
#0 C:\xampp\htdocs\wordpress\wp-includes\template-loader.php(106): include()
#1 C:\xampp\htdocs\wordpress\wp-blog-header.php(19): require_once('C:\\xampp\\htdocs...')
#2 C:\xampp\htdocs\wordpress\index.php(17): require('C:\\xampp\\htdocs...')
#3 {main}
  thrown in C:\xampp\htdocs\wordpress\wp-content\themes\unisexfashion\shop.php on line 242

2022-11-06T03:40:33+00:00 CRITICAL Uncaught Error: Call to a member function get_price_html() on null in C:\xampp\htdocs\wordpress\wp-content\themes\unisexfashion\shop.php:241
Stack trace:
#0 C:\xampp\htdocs\wordpress\wp-includes\template-loader.php(106): include()
#1 C:\xampp\htdocs\wordpress\wp-blog-header.php(19): require_once('C:\\xampp\\htdocs...')
#2 C:\xampp\htdocs\wordpress\index.php(17): require('C:\\xampp\\htdocs...')
#3 {main}
  thrown in C:\xampp\htdocs\wordpress\wp-content\themes\unisexfashion\shop.php on line 241

2022-11-06T03:50:32+00:00 CRITICAL Uncaught Error: Call to a member function get_price_html() on null in C:\xampp\htdocs\wordpress\wp-content\themes\unisexfashion\shop.php:234
Stack trace:
#0 C:\xampp\htdocs\wordpress\wp-includes\template-loader.php(106): include()
#1 C:\xampp\htdocs\wordpress\wp-blog-header.php(19): require_once('C:\\xampp\\htdocs...')
#2 C:\xampp\htdocs\wordpress\index.php(17): require('C:\\xampp\\htdocs...')
#3 {main}
  thrown in C:\xampp\htdocs\wordpress\wp-content\themes\unisexfashion\shop.php on line 234

2022-11-06T05:26:38+00:00 CRITICAL Uncaught Error: Call to a member function get_price_html() on null in C:\xampp\htdocs\wordpress\wp-content\themes\unisexfashion\template-parts\content-excerpt.php:28
Stack trace:
#0 C:\xampp\htdocs\wordpress\wp-includes\template.php(785): require()
#1 C:\xampp\htdocs\wordpress\wp-includes\template.php(718): load_template('C:\\xampp\\htdocs...', false, Array)
#2 C:\xampp\htdocs\wordpress\wp-includes\general-template.php(204): locate_template(Array, true, false, Array)
#3 C:\xampp\htdocs\wordpress\wp-content\themes\unisexfashion\shop.php(207): get_template_part('template-parts/...', 'excerpt')
#4 C:\xampp\htdocs\wordpress\wp-includes\template-loader.php(106): include('C:\\xampp\\htdocs...')
#5 C:\xampp\htdocs\wordpress\wp-blog-header.php(19): require_once('C:\\xampp\\htdocs...')
#6 C:\xampp\htdocs\wordpress\index.php(17): require('C:\\xampp\\htdocs...')
#7 {main}
  thrown in C:\xampp\htdocs\wordpress\wp-content\themes\unisexfashion\template-parts\content-excerpt.php on line 28

2022-11-06T05:30:12+00:00 CRITICAL Uncaught Error: Call to a member function get_price_html() on null in C:\xampp\htdocs\wordpress\wp-content\themes\unisexfashion\template-parts\content-excerpt.php:36
Stack trace:
#0 C:\xampp\htdocs\wordpress\wp-includes\template.php(785): require()
#1 C:\xampp\htdocs\wordpress\wp-includes\template.php(718): load_template('C:\\xampp\\htdocs...', false, Array)
#2 C:\xampp\htdocs\wordpress\wp-includes\general-template.php(204): locate_template(Array, true, false, Array)
#3 C:\xampp\htdocs\wordpress\wp-content\themes\unisexfashion\shop.php(206): get_template_part('template-parts/...', 'excerpt')
#4 C:\xampp\htdocs\wordpress\wp-includes\template-loader.php(106): include('C:\\xampp\\htdocs...')
#5 C:\xampp\htdocs\wordpress\wp-blog-header.php(19): require_once('C:\\xampp\\htdocs...')
#6 C:\xampp\htdocs\wordpress\index.php(17): require('C:\\xampp\\htdocs...')
#7 {main}
  thrown in C:\xampp\htdocs\wordpress\wp-content\themes\unisexfashion\template-parts\content-excerpt.php on line 36

2022-11-06T05:30:55+00:00 CRITICAL Uncaught Error: Call to a member function get_price_html() on null in C:\xampp\htdocs\wordpress\wp-content\themes\unisexfashion\template-parts\content-excerpt.php:36
Stack trace:
#0 C:\xampp\htdocs\wordpress\wp-includes\template.php(785): require()
#1 C:\xampp\htdocs\wordpress\wp-includes\template.php(718): load_template('C:\\xampp\\htdocs...', false, Array)
#2 C:\xampp\htdocs\wordpress\wp-includes\general-template.php(204): locate_template(Array, true, false, Array)
#3 C:\xampp\htdocs\wordpress\wp-content\themes\unisexfashion\shop.php(206): get_template_part('template-parts/...', 'excerpt')
#4 C:\xampp\htdocs\wordpress\wp-includes\template-loader.php(106): include('C:\\xampp\\htdocs...')
#5 C:\xampp\htdocs\wordpress\wp-blog-header.php(19): require_once('C:\\xampp\\htdocs...')
#6 C:\xampp\htdocs\wordpress\index.php(17): require('C:\\xampp\\htdocs...')
#7 {main}
  thrown in C:\xampp\htdocs\wordpress\wp-content\themes\unisexfashion\template-parts\content-excerpt.php on line 36

2022-11-06T05:40:15+00:00 CRITICAL Uncaught Error: Call to a member function get_price_html() on null in C:\xampp\htdocs\wordpress\wp-content\themes\unisexfashion\template-parts\content-excerpt.php:36
Stack trace:
#0 C:\xampp\htdocs\wordpress\wp-includes\template.php(785): require()
#1 C:\xampp\htdocs\wordpress\wp-includes\template.php(718): load_template('C:\\xampp\\htdocs...', false, Array)
#2 C:\xampp\htdocs\wordpress\wp-includes\general-template.php(204): locate_template(Array, true, false, Array)
#3 C:\xampp\htdocs\wordpress\wp-content\themes\unisexfashion\shop.php(211): get_template_part('template-parts/...', 'excerpt')
#4 C:\xampp\htdocs\wordpress\wp-includes\template-loader.php(106): include('C:\\xampp\\htdocs...')
#5 C:\xampp\htdocs\wordpress\wp-blog-header.php(19): require_once('C:\\xampp\\htdocs...')
#6 C:\xampp\htdocs\wordpress\index.php(17): require('C:\\xampp\\htdocs...')
#7 {main}
  thrown in C:\xampp\htdocs\wordpress\wp-content\themes\unisexfashion\template-parts\content-excerpt.php on line 36

2022-11-06T05:43:07+00:00 CRITICAL Uncaught Error: Call to a member function get_price_html() on null in C:\xampp\htdocs\wordpress\wp-content\themes\unisexfashion\template-parts\content-excerpt.php:36
Stack trace:
#0 C:\xampp\htdocs\wordpress\wp-includes\template.php(785): require()
#1 C:\xampp\htdocs\wordpress\wp-includes\template.php(718): load_template('C:\\xampp\\htdocs...', false, Array)
#2 C:\xampp\htdocs\wordpress\wp-includes\general-template.php(204): locate_template(Array, true, false, Array)
#3 C:\xampp\htdocs\wordpress\wp-content\themes\unisexfashion\shop.php(223): get_template_part('template-parts/...', 'excerpt')
#4 C:\xampp\htdocs\wordpress\wp-includes\template-loader.php(106): include('C:\\xampp\\htdocs...')
#5 C:\xampp\htdocs\wordpress\wp-blog-header.php(19): require_once('C:\\xampp\\htdocs...')
#6 C:\xampp\htdocs\wordpress\index.php(17): require('C:\\xampp\\htdocs...')
#7 {main}
  thrown in C:\xampp\htdocs\wordpress\wp-content\themes\unisexfashion\template-parts\content-excerpt.php on line 36

2022-11-06T05:43:15+00:00 CRITICAL Uncaught Error: Call to a member function get_price_html() on null in C:\xampp\htdocs\wordpress\wp-content\themes\unisexfashion\template-parts\content-excerpt.php:36
Stack trace:
#0 C:\xampp\htdocs\wordpress\wp-includes\template.php(785): require()
#1 C:\xampp\htdocs\wordpress\wp-includes\template.php(718): load_template('C:\\xampp\\htdocs...', false, Array)
#2 C:\xampp\htdocs\wordpress\wp-includes\general-template.php(204): locate_template(Array, true, false, Array)
#3 C:\xampp\htdocs\wordpress\wp-content\themes\unisexfashion\shop.php(223): get_template_part('template-parts/...', 'excerpt')
#4 C:\xampp\htdocs\wordpress\wp-includes\template-loader.php(106): include('C:\\xampp\\htdocs...')
#5 C:\xampp\htdocs\wordpress\wp-blog-header.php(19): require_once('C:\\xampp\\htdocs...')
#6 C:\xampp\htdocs\wordpress\index.php(17): require('C:\\xampp\\htdocs...')
#7 {main}
  thrown in C:\xampp\htdocs\wordpress\wp-content\themes\unisexfashion\template-parts\content-excerpt.php on line 36

2022-11-06T10:40:44+00:00 CRITICAL Uncaught Error: Call to a member function get_price_html() on null in C:\xampp\htdocs\wordpress\wp-content\themes\unisexfashion\template-parts\content-excerpt.php:36
Stack trace:
#0 C:\xampp\htdocs\wordpress\wp-includes\template.php(785): require()
#1 C:\xampp\htdocs\wordpress\wp-includes\template.php(718): load_template('C:\\xampp\\htdocs...', false, Array)
#2 C:\xampp\htdocs\wordpress\wp-includes\general-template.php(204): locate_template(Array, true, false, Array)
#3 C:\xampp\htdocs\wordpress\wp-content\themes\unisexfashion\shop.php(211): get_template_part('template-parts/...', 'excerpt')
#4 C:\xampp\htdocs\wordpress\wp-includes\template-loader.php(106): include('C:\\xampp\\htdocs...')
#5 C:\xampp\htdocs\wordpress\wp-blog-header.php(19): require_once('C:\\xampp\\htdocs...')
#6 C:\xampp\htdocs\wordpress\index.php(17): require('C:\\xampp\\htdocs...')
#7 {main}
  thrown in C:\xampp\htdocs\wordpress\wp-content\themes\unisexfashion\template-parts\content-excerpt.php on line 36

2022-11-06T10:41:54+00:00 CRITICAL Uncaught Error: Call to a member function get_price_html() on null in C:\xampp\htdocs\wordpress\wp-content\themes\unisexfashion\template-parts\content-excerpt.php:36
Stack trace:
#0 C:\xampp\htdocs\wordpress\wp-includes\template.php(785): require()
#1 C:\xampp\htdocs\wordpress\wp-includes\template.php(718): load_template('C:\\xampp\\htdocs...', false, Array)
#2 C:\xampp\htdocs\wordpress\wp-includes\general-template.php(204): locate_template(Array, true, false, Array)
#3 C:\xampp\htdocs\wordpress\wp-content\themes\unisexfashion\shop.php(211): get_template_part('template-parts/...', 'excerpt')
#4 C:\xampp\htdocs\wordpress\wp-includes\template-loader.php(106): include('C:\\xampp\\htdocs...')
#5 C:\xampp\htdocs\wordpress\wp-blog-header.php(19): require_once('C:\\xampp\\htdocs...')
#6 C:\xampp\htdocs\wordpress\index.php(17): require('C:\\xampp\\htdocs...')
#7 {main}
  thrown in C:\xampp\htdocs\wordpress\wp-content\themes\unisexfashion\template-parts\content-excerpt.php on line 36

2022-11-06T10:54:03+00:00 CRITICAL Uncaught Error: Call to a member function get_price_html() on null in C:\xampp\htdocs\wordpress\wp-content\themes\unisexfashion\template-parts\content-excerpt.php:36
Stack trace:
#0 C:\xampp\htdocs\wordpress\wp-includes\template.php(785): require()
#1 C:\xampp\htdocs\wordpress\wp-includes\template.php(718): load_template('C:\\xampp\\htdocs...', false, Array)
#2 C:\xampp\htdocs\wordpress\wp-includes\general-template.php(204): locate_template(Array, true, false, Array)
#3 C:\xampp\htdocs\wordpress\wp-content\themes\unisexfashion\shop.php(218): get_template_part('template-parts/...', 'excerpt')
#4 C:\xampp\htdocs\wordpress\wp-includes\template-loader.php(106): include('C:\\xampp\\htdocs...')
#5 C:\xampp\htdocs\wordpress\wp-blog-header.php(19): require_once('C:\\xampp\\htdocs...')
#6 C:\xampp\htdocs\wordpress\index.php(17): require('C:\\xampp\\htdocs...')
#7 {main}
  thrown in C:\xampp\htdocs\wordpress\wp-content\themes\unisexfashion\template-parts\content-excerpt.php on line 36

2022-11-06T10:54:43+00:00 CRITICAL Uncaught Error: Call to a member function get_price_html() on null in C:\xampp\htdocs\wordpress\wp-content\themes\unisexfashion\template-parts\content-excerpt.php:36
Stack trace:
#0 C:\xampp\htdocs\wordpress\wp-includes\template.php(785): require()
#1 C:\xampp\htdocs\wordpress\wp-includes\template.php(718): load_template('C:\\xampp\\htdocs...', false, Array)
#2 C:\xampp\htdocs\wordpress\wp-includes\general-template.php(204): locate_template(Array, true, false, Array)
#3 C:\xampp\htdocs\wordpress\wp-content\themes\unisexfashion\shop.php(218): get_template_part('template-parts/...', 'excerpt')
#4 C:\xampp\htdocs\wordpress\wp-includes\template-loader.php(106): include('C:\\xampp\\htdocs...')
#5 C:\xampp\htdocs\wordpress\wp-blog-header.php(19): require_once('C:\\xampp\\htdocs...')
#6 C:\xampp\htdocs\wordpress\index.php(17): require('C:\\xampp\\htdocs...')
#7 {main}
  thrown in C:\xampp\htdocs\wordpress\wp-content\themes\unisexfashion\template-parts\content-excerpt.php on line 36

2022-11-06T11:06:44+00:00 CRITICAL Uncaught Error: Call to a member function get_price_html() on null in C:\xampp\htdocs\wordpress\wp-content\themes\unisexfashion\template-parts\content-excerpt.php:36
Stack trace:
#0 C:\xampp\htdocs\wordpress\wp-includes\template.php(785): require()
#1 C:\xampp\htdocs\wordpress\wp-includes\template.php(718): load_template('C:\\xampp\\htdocs...', false, Array)
#2 C:\xampp\htdocs\wordpress\wp-includes\general-template.php(204): locate_template(Array, true, false, Array)
#3 C:\xampp\htdocs\wordpress\wp-content\themes\unisexfashion\shop.php(218): get_template_part('template-parts/...', 'excerpt')
#4 C:\xampp\htdocs\wordpress\wp-includes\template-loader.php(106): include('C:\\xampp\\htdocs...')
#5 C:\xampp\htdocs\wordpress\wp-blog-header.php(19): require_once('C:\\xampp\\htdocs...')
#6 C:\xampp\htdocs\wordpress\index.php(17): require('C:\\xampp\\htdocs...')
#7 {main}
  thrown in C:\xampp\htdocs\wordpress\wp-content\themes\unisexfashion\template-parts\content-excerpt.php on line 36

2022-11-06T11:07:20+00:00 CRITICAL Uncaught Error: Call to a member function get_price_html() on null in C:\xampp\htdocs\wordpress\wp-content\themes\unisexfashion\template-parts\content-excerpt.php:36
Stack trace:
#0 C:\xampp\htdocs\wordpress\wp-includes\template.php(785): require()
#1 C:\xampp\htdocs\wordpress\wp-includes\template.php(718): load_template('C:\\xampp\\htdocs...', false, Array)
#2 C:\xampp\htdocs\wordpress\wp-includes\general-template.php(204): locate_template(Array, true, false, Array)
#3 C:\xampp\htdocs\wordpress\wp-content\themes\unisexfashion\shop.php(218): get_template_part('template-parts/...', 'excerpt')
#4 C:\xampp\htdocs\wordpress\wp-includes\template-loader.php(106): include('C:\\xampp\\htdocs...')
#5 C:\xampp\htdocs\wordpress\wp-blog-header.php(19): require_once('C:\\xampp\\htdocs...')
#6 C:\xampp\htdocs\wordpress\index.php(17): require('C:\\xampp\\htdocs...')
#7 {main}
  thrown in C:\xampp\htdocs\wordpress\wp-content\themes\unisexfashion\template-parts\content-excerpt.php on line 36

2022-11-06T11:10:57+00:00 CRITICAL Uncaught Error: Call to a member function get_price_html() on null in C:\xampp\htdocs\wordpress\wp-content\themes\unisexfashion\template-parts\content-excerpt.php:49
Stack trace:
#0 C:\xampp\htdocs\wordpress\wp-includes\template.php(785): require()
#1 C:\xampp\htdocs\wordpress\wp-includes\template.php(718): load_template('C:\\xampp\\htdocs...', false, Array)
#2 C:\xampp\htdocs\wordpress\wp-includes\general-template.php(204): locate_template(Array, true, false, Array)
#3 C:\xampp\htdocs\wordpress\wp-content\themes\unisexfashion\shop.php(219): get_template_part('template-parts/...', 'excerpt')
#4 C:\xampp\htdocs\wordpress\wp-includes\template-loader.php(106): include('C:\\xampp\\htdocs...')
#5 C:\xampp\htdocs\wordpress\wp-blog-header.php(19): require_once('C:\\xampp\\htdocs...')
#6 C:\xampp\htdocs\wordpress\index.php(17): require('C:\\xampp\\htdocs...')
#7 {main}
  thrown in C:\xampp\htdocs\wordpress\wp-content\themes\unisexfashion\template-parts\content-excerpt.php on line 49

2022-11-06T11:12:01+00:00 CRITICAL Uncaught Error: Call to a member function get_price_html() on null in C:\xampp\htdocs\wordpress\wp-content\themes\unisexfashion\template-parts\content-excerpt.php:49
Stack trace:
#0 C:\xampp\htdocs\wordpress\wp-includes\template.php(785): require()
#1 C:\xampp\htdocs\wordpress\wp-includes\template.php(718): load_template('C:\\xampp\\htdocs...', false, Array)
#2 C:\xampp\htdocs\wordpress\wp-includes\general-template.php(204): locate_template(Array, true, false, Array)
#3 C:\xampp\htdocs\wordpress\wp-content\themes\unisexfashion\shop.php(219): get_template_part('template-parts/...', 'excerpt')
#4 C:\xampp\htdocs\wordpress\wp-includes\template-loader.php(106): include('C:\\xampp\\htdocs...')
#5 C:\xampp\htdocs\wordpress\wp-blog-header.php(19): require_once('C:\\xampp\\htdocs...')
#6 C:\xampp\htdocs\wordpress\index.php(17): require('C:\\xampp\\htdocs...')
#7 {main}
  thrown in C:\xampp\htdocs\wordpress\wp-content\themes\unisexfashion\template-parts\content-excerpt.php on line 49

2022-11-06T11:12:15+00:00 CRITICAL Uncaught Error: Call to a member function get_price_html() on null in C:\xampp\htdocs\wordpress\wp-content\themes\unisexfashion\template-parts\content-excerpt.php:49
Stack trace:
#0 C:\xampp\htdocs\wordpress\wp-includes\template.php(785): require()
#1 C:\xampp\htdocs\wordpress\wp-includes\template.php(718): load_template('C:\\xampp\\htdocs...', false, Array)
#2 C:\xampp\htdocs\wordpress\wp-includes\general-template.php(204): locate_template(Array, true, false, Array)
#3 C:\xampp\htdocs\wordpress\wp-content\themes\unisexfashion\shop.php(219): get_template_part('template-parts/...', 'excerpt')
#4 C:\xampp\htdocs\wordpress\wp-includes\template-loader.php(106): include('C:\\xampp\\htdocs...')
#5 C:\xampp\htdocs\wordpress\wp-blog-header.php(19): require_once('C:\\xampp\\htdocs...')
#6 C:\xampp\htdocs\wordpress\index.php(17): require('C:\\xampp\\htdocs...')
#7 {main}
  thrown in C:\xampp\htdocs\wordpress\wp-content\themes\unisexfashion\template-parts\content-excerpt.php on line 49

2022-11-06T11:14:20+00:00 CRITICAL Uncaught Error: Call to a member function get_price_html() on null in C:\xampp\htdocs\wordpress\wp-content\themes\unisexfashion\template-parts\content-excerpt.php:49
Stack trace:
#0 C:\xampp\htdocs\wordpress\wp-includes\template.php(785): require()
#1 C:\xampp\htdocs\wordpress\wp-includes\template.php(718): load_template('C:\\xampp\\htdocs...', false, Array)
#2 C:\xampp\htdocs\wordpress\wp-includes\general-template.php(204): locate_template(Array, true, false, Array)
#3 C:\xampp\htdocs\wordpress\wp-content\themes\unisexfashion\shop.php(220): get_template_part('template-parts/...', 'excerpt')
#4 C:\xampp\htdocs\wordpress\wp-includes\template-loader.php(106): include('C:\\xampp\\htdocs...')
#5 C:\xampp\htdocs\wordpress\wp-blog-header.php(19): require_once('C:\\xampp\\htdocs...')
#6 C:\xampp\htdocs\wordpress\index.php(17): require('C:\\xampp\\htdocs...')
#7 {main}
  thrown in C:\xampp\htdocs\wordpress\wp-content\themes\unisexfashion\template-parts\content-excerpt.php on line 49

2022-11-06T11:14:49+00:00 CRITICAL Uncaught Error: Call to a member function get_price_html() on null in C:\xampp\htdocs\wordpress\wp-content\themes\unisexfashion\template-parts\content-excerpt.php:49
Stack trace:
#0 C:\xampp\htdocs\wordpress\wp-includes\template.php(785): require()
#1 C:\xampp\htdocs\wordpress\wp-includes\template.php(718): load_template('C:\\xampp\\htdocs...', false, Array)
#2 C:\xampp\htdocs\wordpress\wp-includes\general-template.php(204): locate_template(Array, true, false, Array)
#3 C:\xampp\htdocs\wordpress\wp-content\themes\unisexfashion\shop.php(220): get_template_part('template-parts/...', 'excerpt')
#4 C:\xampp\htdocs\wordpress\wp-includes\template-loader.php(106): include('C:\\xampp\\htdocs...')
#5 C:\xampp\htdocs\wordpress\wp-blog-header.php(19): require_once('C:\\xampp\\htdocs...')
#6 C:\xampp\htdocs\wordpress\index.php(17): require('C:\\xampp\\htdocs...')
#7 {main}
  thrown in C:\xampp\htdocs\wordpress\wp-content\themes\unisexfashion\template-parts\content-excerpt.php on line 49

2022-11-06T11:15:47+00:00 CRITICAL Uncaught Error: Call to a member function get_price_html() on null in C:\xampp\htdocs\wordpress\wp-content\themes\unisexfashion\template-parts\content-excerpt.php:49
Stack trace:
#0 C:\xampp\htdocs\wordpress\wp-includes\template.php(785): require()
#1 C:\xampp\htdocs\wordpress\wp-includes\template.php(718): load_template('C:\\xampp\\htdocs...', false, Array)
#2 C:\xampp\htdocs\wordpress\wp-includes\general-template.php(204): locate_template(Array, true, false, Array)
#3 C:\xampp\htdocs\wordpress\wp-content\themes\unisexfashion\shop.php(220): get_template_part('template-parts/...', 'excerpt')
#4 C:\xampp\htdocs\wordpress\wp-includes\template-loader.php(106): include('C:\\xampp\\htdocs...')
#5 C:\xampp\htdocs\wordpress\wp-blog-header.php(19): require_once('C:\\xampp\\htdocs...')
#6 C:\xampp\htdocs\wordpress\index.php(17): require('C:\\xampp\\htdocs...')
#7 {main}
  thrown in C:\xampp\htdocs\wordpress\wp-content\themes\unisexfashion\template-parts\content-excerpt.php on line 49

2022-11-06T11:15:54+00:00 CRITICAL Uncaught Error: Call to a member function get_price_html() on null in C:\xampp\htdocs\wordpress\wp-content\themes\unisexfashion\template-parts\content-excerpt.php:49
Stack trace:
#0 C:\xampp\htdocs\wordpress\wp-includes\template.php(785): require()
#1 C:\xampp\htdocs\wordpress\wp-includes\template.php(718): load_template('C:\\xampp\\htdocs...', false, Array)
#2 C:\xampp\htdocs\wordpress\wp-includes\general-template.php(204): locate_template(Array, true, false, Array)
#3 C:\xampp\htdocs\wordpress\wp-content\themes\unisexfashion\shop.php(220): get_template_part('template-parts/...', 'excerpt')
#4 C:\xampp\htdocs\wordpress\wp-includes\template-loader.php(106): include('C:\\xampp\\htdocs...')
#5 C:\xampp\htdocs\wordpress\wp-blog-header.php(19): require_once('C:\\xampp\\htdocs...')
#6 C:\xampp\htdocs\wordpress\index.php(17): require('C:\\xampp\\htdocs...')
#7 {main}
  thrown in C:\xampp\htdocs\wordpress\wp-content\themes\unisexfashion\template-parts\content-excerpt.php on line 49

2022-11-06T11:16:58+00:00 CRITICAL Uncaught Error: Call to a member function get_price_html() on null in C:\xampp\htdocs\wordpress\wp-content\themes\unisexfashion\template-parts\content-excerpt.php:49
Stack trace:
#0 C:\xampp\htdocs\wordpress\wp-includes\template.php(785): require()
#1 C:\xampp\htdocs\wordpress\wp-includes\template.php(718): load_template('C:\\xampp\\htdocs...', false, Array)
#2 C:\xampp\htdocs\wordpress\wp-includes\general-template.php(204): locate_template(Array, true, false, Array)
#3 C:\xampp\htdocs\wordpress\wp-content\themes\unisexfashion\shop.php(220): get_template_part('template-parts/...', 'excerpt')
#4 C:\xampp\htdocs\wordpress\wp-includes\template-loader.php(106): include('C:\\xampp\\htdocs...')
#5 C:\xampp\htdocs\wordpress\wp-blog-header.php(19): require_once('C:\\xampp\\htdocs...')
#6 C:\xampp\htdocs\wordpress\index.php(17): require('C:\\xampp\\htdocs...')
#7 {main}
  thrown in C:\xampp\htdocs\wordpress\wp-content\themes\unisexfashion\template-parts\content-excerpt.php on line 49

2022-11-06T11:17:36+00:00 CRITICAL Uncaught Error: Call to a member function get_price_html() on null in C:\xampp\htdocs\wordpress\wp-content\themes\unisexfashion\template-parts\content-excerpt.php:49
Stack trace:
#0 C:\xampp\htdocs\wordpress\wp-includes\template.php(785): require()
#1 C:\xampp\htdocs\wordpress\wp-includes\template.php(718): load_template('C:\\xampp\\htdocs...', false, Array)
#2 C:\xampp\htdocs\wordpress\wp-includes\general-template.php(204): locate_template(Array, true, false, Array)
#3 C:\xampp\htdocs\wordpress\wp-content\themes\unisexfashion\shop.php(219): get_template_part('template-parts/...', 'excerpt')
#4 C:\xampp\htdocs\wordpress\wp-includes\template-loader.php(106): include('C:\\xampp\\htdocs...')
#5 C:\xampp\htdocs\wordpress\wp-blog-header.php(19): require_once('C:\\xampp\\htdocs...')
#6 C:\xampp\htdocs\wordpress\index.php(17): require('C:\\xampp\\htdocs...')
#7 {main}
  thrown in C:\xampp\htdocs\wordpress\wp-content\themes\unisexfashion\template-parts\content-excerpt.php on line 49

2022-11-06T11:18:39+00:00 CRITICAL Uncaught Error: Call to a member function get_price_html() on null in C:\xampp\htdocs\wordpress\wp-content\themes\unisexfashion\template-parts\content-excerpt.php:49
Stack trace:
#0 C:\xampp\htdocs\wordpress\wp-includes\template.php(785): require()
#1 C:\xampp\htdocs\wordpress\wp-includes\template.php(718): load_template('C:\\xampp\\htdocs...', false, Array)
#2 C:\xampp\htdocs\wordpress\wp-includes\general-template.php(204): locate_template(Array, true, false, Array)
#3 C:\xampp\htdocs\wordpress\wp-content\themes\unisexfashion\shop.php(207): get_template_part('template-parts/...', 'excerpt')
#4 C:\xampp\htdocs\wordpress\wp-includes\template-loader.php(106): include('C:\\xampp\\htdocs...')
#5 C:\xampp\htdocs\wordpress\wp-blog-header.php(19): require_once('C:\\xampp\\htdocs...')
#6 C:\xampp\htdocs\wordpress\index.php(17): require('C:\\xampp\\htdocs...')
#7 {main}
  thrown in C:\xampp\htdocs\wordpress\wp-content\themes\unisexfashion\template-parts\content-excerpt.php on line 49

2022-11-06T11:19:06+00:00 CRITICAL Uncaught Error: Call to a member function get_price_html() on null in C:\xampp\htdocs\wordpress\wp-content\themes\unisexfashion\template-parts\content-excerpt.php:49
Stack trace:
#0 C:\xampp\htdocs\wordpress\wp-includes\template.php(785): require()
#1 C:\xampp\htdocs\wordpress\wp-includes\template.php(718): load_template('C:\\xampp\\htdocs...', false, Array)
#2 C:\xampp\htdocs\wordpress\wp-includes\general-template.php(204): locate_template(Array, true, false, Array)
#3 C:\xampp\htdocs\wordpress\wp-content\themes\unisexfashion\shop.php(206): get_template_part('template-parts/...', 'excerpt')
#4 C:\xampp\htdocs\wordpress\wp-includes\template-loader.php(106): include('C:\\xampp\\htdocs...')
#5 C:\xampp\htdocs\wordpress\wp-blog-header.php(19): require_once('C:\\xampp\\htdocs...')
#6 C:\xampp\htdocs\wordpress\index.php(17): require('C:\\xampp\\htdocs...')
#7 {main}
  thrown in C:\xampp\htdocs\wordpress\wp-content\themes\unisexfashion\template-parts\content-excerpt.php on line 49

2022-11-06T11:20:31+00:00 CRITICAL Uncaught Error: Call to a member function get_price_html() on null in C:\xampp\htdocs\wordpress\wp-content\themes\unisexfashion\template-parts\content-excerpt.php:49
Stack trace:
#0 C:\xampp\htdocs\wordpress\wp-includes\template.php(785): require()
#1 C:\xampp\htdocs\wordpress\wp-includes\template.php(718): load_template('C:\\xampp\\htdocs...', false, Array)
#2 C:\xampp\htdocs\wordpress\wp-includes\general-template.php(204): locate_template(Array, true, false, Array)
#3 C:\xampp\htdocs\wordpress\wp-content\themes\unisexfashion\shop.php(206): get_template_part('/template-parts...', 'excerpt')
#4 C:\xampp\htdocs\wordpress\wp-includes\template-loader.php(106): include('C:\\xampp\\htdocs...')
#5 C:\xampp\htdocs\wordpress\wp-blog-header.php(19): require_once('C:\\xampp\\htdocs...')
#6 C:\xampp\htdocs\wordpress\index.php(17): require('C:\\xampp\\htdocs...')
#7 {main}
  thrown in C:\xampp\htdocs\wordpress\wp-content\themes\unisexfashion\template-parts\content-excerpt.php on line 49

2022-11-06T11:21:33+00:00 CRITICAL Uncaught Error: Call to a member function get_price_html() on null in C:\xampp\htdocs\wordpress\wp-content\themes\unisexfashion\content-excerpt.php:49
Stack trace:
#0 C:\xampp\htdocs\wordpress\wp-includes\template.php(785): require()
#1 C:\xampp\htdocs\wordpress\wp-includes\template.php(718): load_template('C:\\xampp\\htdocs...', false, Array)
#2 C:\xampp\htdocs\wordpress\wp-includes\general-template.php(204): locate_template(Array, true, false, Array)
#3 C:\xampp\htdocs\wordpress\wp-content\themes\unisexfashion\shop.php(206): get_template_part('content-excerpt')
#4 C:\xampp\htdocs\wordpress\wp-includes\template-loader.php(106): include('C:\\xampp\\htdocs...')
#5 C:\xampp\htdocs\wordpress\wp-blog-header.php(19): require_once('C:\\xampp\\htdocs...')
#6 C:\xampp\htdocs\wordpress\index.php(17): require('C:\\xampp\\htdocs...')
#7 {main}
  thrown in C:\xampp\htdocs\wordpress\wp-content\themes\unisexfashion\content-excerpt.php on line 49

2022-11-06T12:18:11+00:00 CRITICAL Uncaught ArgumentCountError: Too few arguments to function add_shortcode(), 1 passed in C:\xampp\htdocs\wordpress\wp-content\themes\unisexfashion\single.php on line 139 and exactly 2 expected in C:\xampp\htdocs\wordpress\wp-includes\shortcodes.php:63
Stack trace:
#0 C:\xampp\htdocs\wordpress\wp-content\themes\unisexfashion\single.php(139): add_shortcode('[woocommerce_ca...')
#1 C:\xampp\htdocs\wordpress\wp-includes\template-loader.php(106): include('C:\\xampp\\htdocs...')
#2 C:\xampp\htdocs\wordpress\wp-blog-header.php(19): require_once('C:\\xampp\\htdocs...')
#3 C:\xampp\htdocs\wordpress\index.php(17): require('C:\\xampp\\htdocs...')
#4 {main}
  thrown in C:\xampp\htdocs\wordpress\wp-includes\shortcodes.php on line 63

2022-11-06T12:28:14+00:00 CRITICAL syntax error, unexpected '”' (T_STRING), expecting ')' in C:\xampp\htdocs\wordpress\wp-content\themes\unisexfashion\shop.php on line 212

2022-11-06T12:28:15+00:00 CRITICAL syntax error, unexpected '”' (T_STRING), expecting ')' in C:\xampp\htdocs\wordpress\wp-content\themes\unisexfashion\shop.php on line 212

2022-11-06T12:42:23+00:00 CRITICAL syntax error, unexpected '’' (T_STRING), expecting ')' in C:\xampp\htdocs\wordpress\wp-content\themes\unisexfashion\shop.php on line 212

2022-11-06T12:42:27+00:00 CRITICAL syntax error, unexpected '’' (T_STRING), expecting ')' in C:\xampp\htdocs\wordpress\wp-content\themes\unisexfashion\shop.php on line 212

2022-11-06T12:42:59+00:00 CRITICAL syntax error, unexpected '’' (T_STRING), expecting ')' in C:\xampp\htdocs\wordpress\wp-content\themes\unisexfashion\shop.php on line 212

2022-11-06T14:30:23+00:00 CRITICAL Uncaught Error: Call to a member function get_price_html() on null in C:\xampp\htdocs\wordpress\wp-content\themes\unisexfashion\content.php:36
Stack trace:
#0 C:\xampp\htdocs\wordpress\wp-includes\template.php(785): require()
#1 C:\xampp\htdocs\wordpress\wp-includes\template.php(718): load_template('C:\\xampp\\htdocs...', false, Array)
#2 C:\xampp\htdocs\wordpress\wp-includes\general-template.php(204): locate_template(Array, true, false, Array)
#3 C:\xampp\htdocs\wordpress\wp-content\themes\unisexfashion\shop.php(206): get_template_part('content')
#4 C:\xampp\htdocs\wordpress\wp-includes\template-loader.php(106): include('C:\\xampp\\htdocs...')
#5 C:\xampp\htdocs\wordpress\wp-blog-header.php(19): require_once('C:\\xampp\\htdocs...')
#6 C:\xampp\htdocs\wordpress\index.php(17): require('C:\\xampp\\htdocs...')
#7 {main}
  thrown in C:\xampp\htdocs\wordpress\wp-content\themes\unisexfashion\content.php on line 36

2022-11-06T14:30:42+00:00 CRITICAL Uncaught Error: Call to a member function get_price_html() on null in C:\xampp\htdocs\wordpress\wp-content\themes\unisexfashion\content.php:36
Stack trace:
#0 C:\xampp\htdocs\wordpress\wp-includes\template.php(785): require()
#1 C:\xampp\htdocs\wordpress\wp-includes\template.php(718): load_template('C:\\xampp\\htdocs...', false, Array)
#2 C:\xampp\htdocs\wordpress\wp-includes\general-template.php(204): locate_template(Array, true, false, Array)
#3 C:\xampp\htdocs\wordpress\wp-content\themes\unisexfashion\shop.php(206): get_template_part('content')
#4 C:\xampp\htdocs\wordpress\wp-includes\template-loader.php(106): include('C:\\xampp\\htdocs...')
#5 C:\xampp\htdocs\wordpress\wp-blog-header.php(19): require_once('C:\\xampp\\htdocs...')
#6 C:\xampp\htdocs\wordpress\index.php(17): require('C:\\xampp\\htdocs...')
#7 {main}
  thrown in C:\xampp\htdocs\wordpress\wp-content\themes\unisexfashion\content.php on line 36

2022-11-06T14:33:48+00:00 CRITICAL Uncaught Error: Call to a member function have_posts() on null in C:\xampp\htdocs\wordpress\wp-content\themes\unisexfashion\shop.php:204
Stack trace:
#0 C:\xampp\htdocs\wordpress\wp-includes\template-loader.php(106): include()
#1 C:\xampp\htdocs\wordpress\wp-blog-header.php(19): require_once('C:\\xampp\\htdocs...')
#2 C:\xampp\htdocs\wordpress\index.php(17): require('C:\\xampp\\htdocs...')
#3 {main}
  thrown in C:\xampp\htdocs\wordpress\wp-content\themes\unisexfashion\shop.php on line 204

2022-11-06T14:38:17+00:00 CRITICAL Uncaught Error: Call to a member function get_price_html() on null in C:\xampp\htdocs\wordpress\wp-content\themes\unisexfashion\template-parts\content.php:36
Stack trace:
#0 C:\xampp\htdocs\wordpress\wp-includes\template.php(785): require()
#1 C:\xampp\htdocs\wordpress\wp-includes\template.php(718): load_template('C:\\xampp\\htdocs...', false, Array)
#2 C:\xampp\htdocs\wordpress\wp-includes\general-template.php(204): locate_template(Array, true, false, Array)
#3 C:\xampp\htdocs\wordpress\wp-content\themes\unisexfashion\shop.php(209): get_template_part('template-parts/...')
#4 C:\xampp\htdocs\wordpress\wp-includes\template-loader.php(106): include('C:\\xampp\\htdocs...')
#5 C:\xampp\htdocs\wordpress\wp-blog-header.php(19): require_once('C:\\xampp\\htdocs...')
#6 C:\xampp\htdocs\wordpress\index.php(17): require('C:\\xampp\\htdocs...')
#7 {main}
  thrown in C:\xampp\htdocs\wordpress\wp-content\themes\unisexfashion\template-parts\content.php on line 36

2022-11-06T14:42:11+00:00 CRITICAL Uncaught Error: Call to a member function get_price_html() on null in C:\xampp\htdocs\wordpress\wp-content\themes\unisexfashion\template-parts\content.php:36
Stack trace:
#0 C:\xampp\htdocs\wordpress\wp-includes\template.php(785): require()
#1 C:\xampp\htdocs\wordpress\wp-includes\template.php(718): load_template('C:\\xampp\\htdocs...', false, Array)
#2 C:\xampp\htdocs\wordpress\wp-includes\general-template.php(204): locate_template(Array, true, false, Array)
#3 C:\xampp\htdocs\wordpress\wp-content\themes\unisexfashion\shop.php(216): get_template_part('template-parts/...')
#4 C:\xampp\htdocs\wordpress\wp-includes\template-loader.php(106): include('C:\\xampp\\htdocs...')
#5 C:\xampp\htdocs\wordpress\wp-blog-header.php(19): require_once('C:\\xampp\\htdocs...')
#6 C:\xampp\htdocs\wordpress\index.php(17): require('C:\\xampp\\htdocs...')
#7 {main}
  thrown in C:\xampp\htdocs\wordpress\wp-content\themes\unisexfashion\template-parts\content.php on line 36

2022-11-06T14:42:55+00:00 CRITICAL Uncaught Error: Call to a member function get_price_html() on null in C:\xampp\htdocs\wordpress\wp-content\themes\unisexfashion\template-parts\content.php:36
Stack trace:
#0 C:\xampp\htdocs\wordpress\wp-includes\template.php(785): require()
#1 C:\xampp\htdocs\wordpress\wp-includes\template.php(718): load_template('C:\\xampp\\htdocs...', false, Array)
#2 C:\xampp\htdocs\wordpress\wp-includes\general-template.php(204): locate_template(Array, true, false, Array)
#3 C:\xampp\htdocs\wordpress\wp-content\themes\unisexfashion\shop.php(215): get_template_part('template-parts/...')
#4 C:\xampp\htdocs\wordpress\wp-includes\template-loader.php(106): include('C:\\xampp\\htdocs...')
#5 C:\xampp\htdocs\wordpress\wp-blog-header.php(19): require_once('C:\\xampp\\htdocs...')
#6 C:\xampp\htdocs\wordpress\index.php(17): require('C:\\xampp\\htdocs...')
#7 {main}
  thrown in C:\xampp\htdocs\wordpress\wp-content\themes\unisexfashion\template-parts\content.php on line 36

2022-11-06T14:43:29+00:00 CRITICAL Uncaught Error: Call to a member function get_price_html() on null in C:\xampp\htdocs\wordpress\wp-content\themes\unisexfashion\template-parts\content.php:36
Stack trace:
#0 C:\xampp\htdocs\wordpress\wp-includes\template.php(785): require()
#1 C:\xampp\htdocs\wordpress\wp-includes\template.php(718): load_template('C:\\xampp\\htdocs...', false, Array)
#2 C:\xampp\htdocs\wordpress\wp-includes\general-template.php(204): locate_template(Array, true, false, Array)
#3 C:\xampp\htdocs\wordpress\wp-content\themes\unisexfashion\shop.php(216): get_template_part('template-parts/...')
#4 C:\xampp\htdocs\wordpress\wp-includes\template-loader.php(106): include('C:\\xampp\\htdocs...')
#5 C:\xampp\htdocs\wordpress\wp-blog-header.php(19): require_once('C:\\xampp\\htdocs...')
#6 C:\xampp\htdocs\wordpress\index.php(17): require('C:\\xampp\\htdocs...')
#7 {main}
  thrown in C:\xampp\htdocs\wordpress\wp-content\themes\unisexfashion\template-parts\content.php on line 36

2022-11-06T14:44:07+00:00 CRITICAL Uncaught Error: Call to a member function get_price_html() on null in C:\xampp\htdocs\wordpress\wp-content\themes\unisexfashion\template-parts\content.php:36
Stack trace:
#0 C:\xampp\htdocs\wordpress\wp-includes\template.php(785): require()
#1 C:\xampp\htdocs\wordpress\wp-includes\template.php(718): load_template('C:\\xampp\\htdocs...', false, Array)
#2 C:\xampp\htdocs\wordpress\wp-includes\general-template.php(204): locate_template(Array, true, false, Array)
#3 C:\xampp\htdocs\wordpress\wp-content\themes\unisexfashion\shop.php(215): get_template_part('template-parts/...')
#4 C:\xampp\htdocs\wordpress\wp-includes\template-loader.php(106): include('C:\\xampp\\htdocs...')
#5 C:\xampp\htdocs\wordpress\wp-blog-header.php(19): require_once('C:\\xampp\\htdocs...')
#6 C:\xampp\htdocs\wordpress\index.php(17): require('C:\\xampp\\htdocs...')
#7 {main}
  thrown in C:\xampp\htdocs\wordpress\wp-content\themes\unisexfashion\template-parts\content.php on line 36

2022-11-06T14:45:31+00:00 CRITICAL Uncaught Error: Call to a member function get_price_html() on null in C:\xampp\htdocs\wordpress\wp-content\themes\unisexfashion\template-parts\content.php:36
Stack trace:
#0 C:\xampp\htdocs\wordpress\wp-includes\template.php(785): require()
#1 C:\xampp\htdocs\wordpress\wp-includes\template.php(718): load_template('C:\\xampp\\htdocs...', false, Array)
#2 C:\xampp\htdocs\wordpress\wp-includes\general-template.php(204): locate_template(Array, true, false, Array)
#3 C:\xampp\htdocs\wordpress\wp-content\themes\unisexfashion\shop.php(215): get_template_part('template-parts/...')
#4 C:\xampp\htdocs\wordpress\wp-includes\template-loader.php(106): include('C:\\xampp\\htdocs...')
#5 C:\xampp\htdocs\wordpress\wp-blog-header.php(19): require_once('C:\\xampp\\htdocs...')
#6 C:\xampp\htdocs\wordpress\index.php(17): require('C:\\xampp\\htdocs...')
#7 {main}
  thrown in C:\xampp\htdocs\wordpress\wp-content\themes\unisexfashion\template-parts\content.php on line 36

2022-11-06T14:45:51+00:00 CRITICAL Uncaught Error: Call to a member function get_price_html() on null in C:\xampp\htdocs\wordpress\wp-content\themes\unisexfashion\template-parts\content.php:36
Stack trace:
#0 C:\xampp\htdocs\wordpress\wp-includes\template.php(785): require()
#1 C:\xampp\htdocs\wordpress\wp-includes\template.php(718): load_template('C:\\xampp\\htdocs...', false, Array)
#2 C:\xampp\htdocs\wordpress\wp-includes\general-template.php(204): locate_template(Array, true, false, Array)
#3 C:\xampp\htdocs\wordpress\wp-content\themes\unisexfashion\shop.php(214): get_template_part('template-parts/...')
#4 C:\xampp\htdocs\wordpress\wp-includes\template-loader.php(106): include('C:\\xampp\\htdocs...')
#5 C:\xampp\htdocs\wordpress\wp-blog-header.php(19): require_once('C:\\xampp\\htdocs...')
#6 C:\xampp\htdocs\wordpress\index.php(17): require('C:\\xampp\\htdocs...')
#7 {main}
  thrown in C:\xampp\htdocs\wordpress\wp-content\themes\unisexfashion\template-parts\content.php on line 36

2022-11-06T14:46:23+00:00 CRITICAL Uncaught Error: Call to a member function get_price_html() on null in C:\xampp\htdocs\wordpress\wp-content\themes\unisexfashion\template-parts\content.php:36
Stack trace:
#0 C:\xampp\htdocs\wordpress\wp-includes\template.php(785): require()
#1 C:\xampp\htdocs\wordpress\wp-includes\template.php(718): load_template('C:\\xampp\\htdocs...', false, Array)
#2 C:\xampp\htdocs\wordpress\wp-includes\general-template.php(204): locate_template(Array, true, false, Array)
#3 C:\xampp\htdocs\wordpress\wp-content\themes\unisexfashion\shop.php(214): get_template_part('template-parts/...')
#4 C:\xampp\htdocs\wordpress\wp-includes\template-loader.php(106): include('C:\\xampp\\htdocs...')
#5 C:\xampp\htdocs\wordpress\wp-blog-header.php(19): require_once('C:\\xampp\\htdocs...')
#6 C:\xampp\htdocs\wordpress\index.php(17): require('C:\\xampp\\htdocs...')
#7 {main}
  thrown in C:\xampp\htdocs\wordpress\wp-content\themes\unisexfashion\template-parts\content.php on line 36

2022-11-06T14:58:29+00:00 CRITICAL Cannot redeclare html5wp_pagination() (previously declared in C:\xampp\htdocs\wordpress\wp-content\plugins\myplugin\pagination.php:14) in C:\xampp\htdocs\wordpress\wp-content\themes\unisexfashion\functions.php on line 27

2022-11-06T14:58:30+00:00 CRITICAL Cannot redeclare html5wp_pagination() (previously declared in C:\xampp\htdocs\wordpress\wp-content\plugins\myplugin\pagination.php:14) in C:\xampp\htdocs\wordpress\wp-content\themes\unisexfashion\functions.php on line 27

